mode: set
github.com/coredds/ChronoGo/business.go:30.51,52.2 2 0
github.com/coredds/ChronoGo/business.go:55.62,56.38 1 0
github.com/coredds/ChronoGo/business.go:56.38,57.37 1 0
github.com/coredds/ChronoGo/business.go:57.37,59.4 1 0
github.com/coredds/ChronoGo/business.go:61.2,61.14 1 0
github.com/coredds/ChronoGo/business.go:65.84,67.55 1 0
github.com/coredds/ChronoGo/business.go:67.55,69.3 1 0
github.com/coredds/ChronoGo/business.go:72.2,72.33 1 0
github.com/coredds/ChronoGo/business.go:72.33,74.3 1 0
github.com/coredds/ChronoGo/business.go:77.2,77.28 1 0
github.com/coredds/ChronoGo/business.go:77.28,79.3 1 0
github.com/coredds/ChronoGo/business.go:82.2,82.38 1 0
github.com/coredds/ChronoGo/business.go:82.38,84.3 1 0
github.com/coredds/ChronoGo/business.go:87.2,90.28 2 0
github.com/coredds/ChronoGo/business.go:90.28,92.3 1 0
github.com/coredds/ChronoGo/business.go:94.2,94.36 1 0
github.com/coredds/ChronoGo/business.go:98.88,101.18 3 0
github.com/coredds/ChronoGo/business.go:101.18,103.3 1 0
github.com/coredds/ChronoGo/business.go:104.2,106.32 2 0
github.com/coredds/ChronoGo/business.go:106.32,108.3 1 0
github.com/coredds/ChronoGo/business.go:110.2,111.22 2 0
github.com/coredds/ChronoGo/business.go:115.100,119.2 2 0
github.com/coredds/ChronoGo/business.go:122.62,124.2 1 0
github.com/coredds/ChronoGo/business.go:127.67,130.38 2 0
github.com/coredds/ChronoGo/business.go:130.38,131.51 1 0
github.com/coredds/ChronoGo/business.go:131.51,132.12 1 0
github.com/coredds/ChronoGo/business.go:135.3,135.29 1 0
github.com/coredds/ChronoGo/business.go:135.29,139.4 2 0
github.com/coredds/ChronoGo/business.go:139.9,142.20 2 0
github.com/coredds/ChronoGo/business.go:142.20,144.5 1 0
github.com/coredds/ChronoGo/business.go:148.2,148.17 1 0
github.com/coredds/ChronoGo/business.go:152.131,155.22 2 0
github.com/coredds/ChronoGo/business.go:155.22,158.63 2 0
github.com/coredds/ChronoGo/business.go:158.63,159.30 1 0
github.com/coredds/ChronoGo/business.go:159.30,161.5 1 0
github.com/coredds/ChronoGo/business.go:163.3,163.20 1 0
github.com/coredds/ChronoGo/business.go:167.2,168.18 2 0
github.com/coredds/ChronoGo/business.go:168.18,170.3 1 0
github.com/coredds/ChronoGo/business.go:171.2,177.29 3 0
github.com/coredds/ChronoGo/business.go:177.29,179.3 1 0
github.com/coredds/ChronoGo/business.go:181.2,181.15 1 0
github.com/coredds/ChronoGo/business.go:187.73,188.20 1 0
github.com/coredds/ChronoGo/business.go:188.20,190.3 1 0
github.com/coredds/ChronoGo/business.go:192.2,192.57 1 0
github.com/coredds/ChronoGo/business.go:192.57,194.3 1 0
github.com/coredds/ChronoGo/business.go:196.2,196.13 1 0
github.com/coredds/ChronoGo/business.go:200.79,202.45 2 0
github.com/coredds/ChronoGo/business.go:202.45,204.3 1 0
github.com/coredds/ChronoGo/business.go:205.2,205.13 1 0
github.com/coredds/ChronoGo/business.go:209.83,211.45 2 0
github.com/coredds/ChronoGo/business.go:211.45,213.3 1 0
github.com/coredds/ChronoGo/business.go:214.2,214.13 1 0
github.com/coredds/ChronoGo/business.go:218.89,219.15 1 0
github.com/coredds/ChronoGo/business.go:219.15,221.3 1 0
github.com/coredds/ChronoGo/business.go:223.2,227.14 4 0
github.com/coredds/ChronoGo/business.go:227.14,230.3 2 0
github.com/coredds/ChronoGo/business.go:232.2,232.20 1 0
github.com/coredds/ChronoGo/business.go:232.20,234.47 2 0
github.com/coredds/ChronoGo/business.go:234.47,236.4 1 0
github.com/coredds/ChronoGo/business.go:239.2,239.16 1 0
github.com/coredds/ChronoGo/business.go:243.94,245.2 1 0
github.com/coredds/ChronoGo/business.go:248.94,252.22 3 0
github.com/coredds/ChronoGo/business.go:252.22,254.3 1 0
github.com/coredds/ChronoGo/business.go:256.2,259.26 3 0
github.com/coredds/ChronoGo/business.go:259.26,260.47 1 0
github.com/coredds/ChronoGo/business.go:260.47,262.4 1 0
github.com/coredds/ChronoGo/business.go:263.3,263.31 1 0
github.com/coredds/ChronoGo/business.go:266.2,266.14 1 0
github.com/coredds/ChronoGo/business.go:270.66,271.27 1 0
github.com/coredds/ChronoGo/business.go:271.27,273.3 1 0
github.com/coredds/ChronoGo/business.go:274.2,274.37 1 0
github.com/coredds/ChronoGo/business.go:278.78,285.26 5 0
github.com/coredds/ChronoGo/business.go:285.26,286.47 1 0
github.com/coredds/ChronoGo/business.go:286.47,288.4 1 0
github.com/coredds/ChronoGo/business.go:289.3,289.31 1 0
github.com/coredds/ChronoGo/business.go:292.2,292.14 1 0
github.com/coredds/ChronoGo/business.go:296.77,303.26 5 0
github.com/coredds/ChronoGo/business.go:303.26,304.47 1 0
github.com/coredds/ChronoGo/business.go:304.47,306.4 1 0
github.com/coredds/ChronoGo/business.go:307.3,307.31 1 0
github.com/coredds/ChronoGo/business.go:310.2,310.14 1 0
github.com/coredds/ChronoGo/datetime.go:37.61,40.2 1 0
github.com/coredds/ChronoGo/datetime.go:42.58,44.48 2 0
github.com/coredds/ChronoGo/datetime.go:44.48,46.3 1 0
github.com/coredds/ChronoGo/datetime.go:48.2,49.61 2 0
github.com/coredds/ChronoGo/datetime.go:49.61,52.22 3 0
github.com/coredds/ChronoGo/datetime.go:52.22,54.4 1 0
github.com/coredds/ChronoGo/datetime.go:56.2,57.18 2 0
github.com/coredds/ChronoGo/datetime.go:62.21,63.39 1 0
github.com/coredds/ChronoGo/datetime.go:63.39,65.3 1 0
github.com/coredds/ChronoGo/datetime.go:66.2,66.29 1 0
github.com/coredds/ChronoGo/datetime.go:71.24,72.39 1 0
github.com/coredds/ChronoGo/datetime.go:72.39,74.3 1 0
github.com/coredds/ChronoGo/datetime.go:75.2,75.35 1 0
github.com/coredds/ChronoGo/datetime.go:80.41,81.39 1 0
github.com/coredds/ChronoGo/datetime.go:81.39,83.3 1 0
github.com/coredds/ChronoGo/datetime.go:84.2,84.37 1 0
github.com/coredds/ChronoGo/datetime.go:89.23,91.2 1 0
github.com/coredds/ChronoGo/datetime.go:95.43,98.2 2 0
github.com/coredds/ChronoGo/datetime.go:102.26,104.2 1 0
github.com/coredds/ChronoGo/datetime.go:108.27,110.2 1 0
github.com/coredds/ChronoGo/datetime.go:113.99,115.2 1 1
github.com/coredds/ChronoGo/datetime.go:118.78,120.2 1 0
github.com/coredds/ChronoGo/datetime.go:123.67,125.2 1 0
github.com/coredds/ChronoGo/datetime.go:128.52,130.2 1 0
github.com/coredds/ChronoGo/datetime.go:133.35,135.2 1 0
github.com/coredds/ChronoGo/datetime.go:138.37,140.2 1 0
github.com/coredds/ChronoGo/datetime.go:143.46,145.2 1 0
github.com/coredds/ChronoGo/datetime.go:148.33,155.2 5 0
github.com/coredds/ChronoGo/datetime.go:158.33,160.2 1 0
github.com/coredds/ChronoGo/datetime.go:163.35,165.2 1 0
github.com/coredds/ChronoGo/datetime.go:168.38,171.2 2 0
github.com/coredds/ChronoGo/datetime.go:174.34,176.2 1 0
github.com/coredds/ChronoGo/datetime.go:179.36,181.2 1 0
github.com/coredds/ChronoGo/datetime.go:184.49,186.2 1 0
github.com/coredds/ChronoGo/datetime.go:189.51,191.2 1 0
github.com/coredds/ChronoGo/datetime.go:194.47,196.2 1 0
github.com/coredds/ChronoGo/datetime.go:199.49,201.2 1 0
github.com/coredds/ChronoGo/datetime.go:204.53,206.2 1 0
github.com/coredds/ChronoGo/datetime.go:209.53,211.2 1 0
github.com/coredds/ChronoGo/datetime.go:214.57,216.2 1 0
github.com/coredds/ChronoGo/datetime.go:219.54,221.2 1 0
github.com/coredds/ChronoGo/datetime.go:224.56,226.2 1 0
github.com/coredds/ChronoGo/datetime.go:229.52,231.2 1 0
github.com/coredds/ChronoGo/datetime.go:234.54,236.2 1 0
github.com/coredds/ChronoGo/datetime.go:239.58,241.2 1 0
github.com/coredds/ChronoGo/datetime.go:244.58,246.2 1 0
github.com/coredds/ChronoGo/datetime.go:249.62,251.2 1 0
github.com/coredds/ChronoGo/datetime.go:254.54,256.2 1 0
github.com/coredds/ChronoGo/datetime.go:260.38,262.2 1 0
github.com/coredds/ChronoGo/datetime.go:266.38,268.2 1 0
github.com/coredds/ChronoGo/datetime.go:272.37,274.2 1 0
github.com/coredds/ChronoGo/datetime.go:277.47,279.2 1 0
github.com/coredds/ChronoGo/datetime.go:282.56,284.2 1 0
github.com/coredds/ChronoGo/datetime.go:287.45,289.2 1 0
github.com/coredds/ChronoGo/datetime.go:292.47,294.2 1 0
github.com/coredds/ChronoGo/datetime.go:297.51,299.2 1 0
github.com/coredds/ChronoGo/datetime.go:302.51,304.2 1 0
github.com/coredds/ChronoGo/datetime.go:307.48,309.2 1 0
github.com/coredds/ChronoGo/datetime.go:312.47,314.2 1 1
github.com/coredds/ChronoGo/datetime.go:317.47,319.2 1 1
github.com/coredds/ChronoGo/datetime.go:322.42,324.2 1 0
github.com/coredds/ChronoGo/datetime.go:327.42,329.2 1 0
github.com/coredds/ChronoGo/datetime.go:332.46,334.2 1 0
github.com/coredds/ChronoGo/datetime.go:337.45,339.2 1 0
github.com/coredds/ChronoGo/datetime.go:342.36,344.2 1 0
github.com/coredds/ChronoGo/datetime.go:347.49,349.2 1 1
github.com/coredds/ChronoGo/datetime.go:352.34,354.2 1 1
github.com/coredds/ChronoGo/datetime.go:357.39,359.2 1 0
github.com/coredds/ChronoGo/datetime.go:364.49,365.14 1 0
github.com/coredds/ChronoGo/datetime.go:366.18,367.117 1 0
github.com/coredds/ChronoGo/datetime.go:368.18,369.107 1 0
github.com/coredds/ChronoGo/datetime.go:370.16,371.97 1 0
github.com/coredds/ChronoGo/datetime.go:372.15,373.25 1 0
github.com/coredds/ChronoGo/datetime.go:374.16,375.26 1 0
github.com/coredds/ChronoGo/datetime.go:376.17,377.27 1 0
github.com/coredds/ChronoGo/datetime.go:378.19,379.29 1 0
github.com/coredds/ChronoGo/datetime.go:380.16,381.26 1 0
github.com/coredds/ChronoGo/datetime.go:382.10,383.12 1 0
github.com/coredds/ChronoGo/datetime.go:390.46,394.14 3 0
github.com/coredds/ChronoGo/datetime.go:395.18,396.29 1 0
github.com/coredds/ChronoGo/datetime.go:397.18,398.29 1 0
github.com/coredds/ChronoGo/datetime.go:399.16,400.27 1 0
github.com/coredds/ChronoGo/datetime.go:401.15,402.26 1 0
github.com/coredds/ChronoGo/datetime.go:403.16,404.26 1 0
github.com/coredds/ChronoGo/datetime.go:405.17,406.28 1 0
github.com/coredds/ChronoGo/datetime.go:407.19,408.28 1 0
github.com/coredds/ChronoGo/datetime.go:409.16,410.27 1 0
github.com/coredds/ChronoGo/datetime.go:411.10,412.12 1 0
github.com/coredds/ChronoGo/datetime.go:416.2,418.26 3 0
github.com/coredds/ChronoGo/datetime.go:418.26,420.3 1 0
github.com/coredds/ChronoGo/datetime.go:421.2,421.13 1 0
github.com/coredds/ChronoGo/datetime.go:425.50,428.17 3 0
github.com/coredds/ChronoGo/datetime.go:428.17,430.3 1 0
github.com/coredds/ChronoGo/datetime.go:431.2,431.20 1 0
github.com/coredds/ChronoGo/datetime.go:431.20,433.3 1 0
github.com/coredds/ChronoGo/datetime.go:434.2,434.19 1 0
github.com/coredds/ChronoGo/datetime.go:434.19,436.3 1 0
github.com/coredds/ChronoGo/datetime.go:437.2,437.11 1 0
github.com/coredds/ChronoGo/datetime.go:442.64,445.17 3 0
github.com/coredds/ChronoGo/datetime.go:445.17,447.3 1 0
github.com/coredds/ChronoGo/datetime.go:448.2,448.15 1 0
github.com/coredds/ChronoGo/datetime.go:448.15,450.3 1 0
github.com/coredds/ChronoGo/datetime.go:451.2,451.40 1 0
github.com/coredds/ChronoGo/datetime.go:455.50,457.2 1 0
github.com/coredds/ChronoGo/datetime.go:460.54,462.13 2 0
github.com/coredds/ChronoGo/datetime.go:462.13,465.3 2 0
github.com/coredds/ChronoGo/datetime.go:466.2,467.16 2 0
github.com/coredds/ChronoGo/datetime.go:467.16,469.3 1 0
github.com/coredds/ChronoGo/datetime.go:470.2,471.12 2 0
github.com/coredds/ChronoGo/datetime.go:475.50,478.2 1 0
github.com/coredds/ChronoGo/datetime.go:481.54,483.28 2 0
github.com/coredds/ChronoGo/datetime.go:483.28,486.3 2 0
github.com/coredds/ChronoGo/datetime.go:488.2,488.99 1 0
github.com/coredds/ChronoGo/datetime.go:488.99,490.3 1 0
github.com/coredds/ChronoGo/datetime.go:491.2,492.16 2 0
github.com/coredds/ChronoGo/datetime.go:492.16,494.3 1 0
github.com/coredds/ChronoGo/datetime.go:495.2,496.12 2 0
github.com/coredds/ChronoGo/datetime.go:500.50,502.2 1 0
github.com/coredds/ChronoGo/datetime.go:505.43,506.27 1 0
github.com/coredds/ChronoGo/datetime.go:507.17,509.13 2 0
github.com/coredds/ChronoGo/datetime.go:510.14,512.17 2 0
github.com/coredds/ChronoGo/datetime.go:512.17,514.4 1 0
github.com/coredds/ChronoGo/datetime.go:515.3,516.13 2 0
github.com/coredds/ChronoGo/datetime.go:517.14,519.17 2 0
github.com/coredds/ChronoGo/datetime.go:519.17,521.4 1 0
github.com/coredds/ChronoGo/datetime.go:522.3,523.13 2 0
github.com/coredds/ChronoGo/datetime.go:524.11,526.13 2 0
github.com/coredds/ChronoGo/datetime.go:527.10,528.55 1 0
github.com/coredds/ChronoGo/datetime.go:533.42,535.2 1 0
github.com/coredds/ChronoGo/datetime.go:538.40,540.2 1 0
github.com/coredds/ChronoGo/datetime.go:543.44,545.2 1 0
github.com/coredds/ChronoGo/datetime.go:548.42,550.2 1 0
github.com/coredds/ChronoGo/datetime.go:553.43,559.2 4 0
github.com/coredds/ChronoGo/datetime.go:562.41,564.2 1 0
github.com/coredds/ChronoGo/datetime.go:567.43,569.2 1 0
github.com/coredds/ChronoGo/datetime.go:572.41,574.2 1 0
github.com/coredds/ChronoGo/datetime.go:577.37,580.2 2 0
github.com/coredds/ChronoGo/datetime.go:583.37,585.2 1 0
github.com/coredds/ChronoGo/datetime.go:588.34,591.2 2 0
github.com/coredds/ChronoGo/datetime.go:594.46,598.2 3 0
github.com/coredds/ChronoGo/datetime.go:601.44,603.2 1 0
github.com/coredds/ChronoGo/datetime.go:607.47,609.2 1 0
github.com/coredds/ChronoGo/datetime.go:612.38,615.2 2 0
github.com/coredds/ChronoGo/datetime.go:618.55,620.2 1 0
github.com/coredds/ChronoGo/datetime.go:623.60,625.2 1 0
github.com/coredds/ChronoGo/datetime.go:628.44,631.2 2 0
github.com/coredds/ChronoGo/datetime.go:634.43,636.2 1 0
github.com/coredds/ChronoGo/datetime.go:639.47,641.2 1 0
github.com/coredds/ChronoGo/datetime.go:645.69,646.51 1 0
github.com/coredds/ChronoGo/datetime.go:646.51,648.3 1 0
github.com/coredds/ChronoGo/datetime.go:650.2,654.38 4 0
github.com/coredds/ChronoGo/datetime.go:654.38,656.3 1 0
github.com/coredds/ChronoGo/datetime.go:656.8,658.3 1 0
github.com/coredds/ChronoGo/datetime.go:660.2,660.85 1 0
github.com/coredds/ChronoGo/datetime.go:664.67,667.2 2 0
github.com/coredds/ChronoGo/datetime.go:670.60,674.2 3 0
github.com/coredds/ChronoGo/datetime.go:677.53,678.22 1 0
github.com/coredds/ChronoGo/datetime.go:678.22,680.3 1 0
github.com/coredds/ChronoGo/datetime.go:682.2,688.28 4 0
github.com/coredds/ChronoGo/datetime.go:688.28,690.3 1 0
github.com/coredds/ChronoGo/datetime.go:692.2,692.20 1 0
github.com/coredds/ChronoGo/datetime.go:696.55,699.2 2 0
github.com/coredds/ChronoGo/datetime.go:702.40,705.2 2 0
github.com/coredds/ChronoGo/datetime.go:708.36,710.2 1 0
github.com/coredds/ChronoGo/datetime.go:713.45,715.2 1 0
github.com/coredds/ChronoGo/datetime.go:718.44,720.2 1 0
github.com/coredds/ChronoGo/datetime.go:723.44,725.2 1 0
github.com/coredds/ChronoGo/datetime.go:728.43,730.2 1 0
github.com/coredds/ChronoGo/datetime.go:734.38,738.2 1 0
github.com/coredds/ChronoGo/datetime.go:742.41,747.2 3 0
github.com/coredds/ChronoGo/datetime.go:751.65,756.2 3 0
github.com/coredds/ChronoGo/datetime.go:759.38,765.2 4 0
github.com/coredds/ChronoGo/datetime.go:768.37,769.21 1 0
github.com/coredds/ChronoGo/datetime.go:769.21,771.3 1 0
github.com/coredds/ChronoGo/datetime.go:772.2,772.12 1 0
github.com/coredds/ChronoGo/datetime.go:776.59,778.2 1 0
github.com/coredds/ChronoGo/datetime.go:781.59,783.2 1 0
github.com/coredds/ChronoGo/datetime.go:786.58,788.2 1 0
github.com/coredds/ChronoGo/datetime.go:799.42,804.21 3 0
github.com/coredds/ChronoGo/datetime.go:804.21,806.3 1 0
github.com/coredds/ChronoGo/datetime.go:809.2,809.41 1 0
github.com/coredds/ChronoGo/datetime.go:809.41,811.34 2 0
github.com/coredds/ChronoGo/datetime.go:811.34,814.4 2 0
github.com/coredds/ChronoGo/datetime.go:818.2,825.40 4 0
github.com/coredds/ChronoGo/datetime.go:829.67,841.36 5 0
github.com/coredds/ChronoGo/datetime.go:841.36,843.3 1 0
github.com/coredds/ChronoGo/datetime.go:846.2,846.35 1 0
github.com/coredds/ChronoGo/datetime.go:846.35,848.3 1 0
github.com/coredds/ChronoGo/datetime.go:849.2,849.23 1 0
github.com/coredds/ChronoGo/datetime.go:853.22,855.2 1 0
github.com/coredds/ChronoGo/duration_parse.go:18.57,22.14 3 0
github.com/coredds/ChronoGo/duration_parse.go:22.14,24.3 1 0
github.com/coredds/ChronoGo/duration_parse.go:26.2,27.17 2 0
github.com/coredds/ChronoGo/duration_parse.go:27.17,29.3 1 0
github.com/coredds/ChronoGo/duration_parse.go:31.2,31.34 1 0
github.com/coredds/ChronoGo/duration_parse.go:31.34,32.36 1 0
github.com/coredds/ChronoGo/duration_parse.go:32.36,34.4 1 0
github.com/coredds/ChronoGo/duration_parse.go:35.3,36.11 2 0
github.com/coredds/ChronoGo/duration_parse.go:38.2,38.38 1 0
github.com/coredds/ChronoGo/duration_parse.go:38.38,39.36 1 0
github.com/coredds/ChronoGo/duration_parse.go:39.36,41.4 1 0
github.com/coredds/ChronoGo/duration_parse.go:42.3,43.11 2 0
github.com/coredds/ChronoGo/duration_parse.go:46.2,63.33 14 0
github.com/coredds/ChronoGo/duration_parse.go:63.33,64.15 1 0
github.com/coredds/ChronoGo/duration_parse.go:64.15,66.4 1 0
github.com/coredds/ChronoGo/duration_parse.go:66.9,68.4 1 0
github.com/coredds/ChronoGo/duration_parse.go:71.2,72.31 2 0
github.com/coredds/ChronoGo/errors.go:20.38,23.16 2 1
github.com/coredds/ChronoGo/errors.go:23.16,25.3 1 1
github.com/coredds/ChronoGo/errors.go:27.2,27.18 1 1
github.com/coredds/ChronoGo/errors.go:27.18,29.3 1 1
github.com/coredds/ChronoGo/errors.go:31.2,31.19 1 1
github.com/coredds/ChronoGo/errors.go:31.19,33.3 1 1
github.com/coredds/ChronoGo/errors.go:35.2,35.18 1 1
github.com/coredds/ChronoGo/errors.go:35.18,37.3 1 1
github.com/coredds/ChronoGo/errors.go:39.2,41.24 2 1
github.com/coredds/ChronoGo/errors.go:41.24,43.3 1 1
github.com/coredds/ChronoGo/errors.go:45.2,45.15 1 1
github.com/coredds/ChronoGo/errors.go:49.38,51.2 1 1
github.com/coredds/ChronoGo/errors.go:54.45,55.19 1 1
github.com/coredds/ChronoGo/errors.go:55.19,57.3 1 0
github.com/coredds/ChronoGo/errors.go:59.2,59.41 1 1
github.com/coredds/ChronoGo/errors.go:59.41,61.3 1 1
github.com/coredds/ChronoGo/errors.go:63.2,63.33 1 1
github.com/coredds/ChronoGo/errors.go:76.55,84.2 2 1
github.com/coredds/ChronoGo/errors.go:87.61,95.2 2 1
github.com/coredds/ChronoGo/errors.go:98.57,106.2 2 1
github.com/coredds/ChronoGo/errors.go:109.62,116.2 1 1
github.com/coredds/ChronoGo/errors.go:119.46,120.17 1 1
github.com/coredds/ChronoGo/errors.go:120.17,122.3 1 1
github.com/coredds/ChronoGo/errors.go:124.2,127.100 2 1
github.com/coredds/ChronoGo/errors.go:127.100,129.3 1 1
github.com/coredds/ChronoGo/errors.go:131.2,131.36 1 1
github.com/coredds/ChronoGo/errors.go:131.36,133.3 1 1
github.com/coredds/ChronoGo/errors.go:135.2,135.55 1 1
github.com/coredds/ChronoGo/errors.go:135.55,137.3 1 1
github.com/coredds/ChronoGo/errors.go:139.2,139.26 1 1
github.com/coredds/ChronoGo/errors.go:139.26,140.23 1 1
github.com/coredds/ChronoGo/errors.go:140.23,142.4 1 1
github.com/coredds/ChronoGo/errors.go:142.9,142.30 1 1
github.com/coredds/ChronoGo/errors.go:142.30,144.4 1 1
github.com/coredds/ChronoGo/errors.go:145.3,145.113 1 0
github.com/coredds/ChronoGo/errors.go:148.2,148.85 1 1
github.com/coredds/ChronoGo/errors.go:148.85,150.3 1 1
github.com/coredds/ChronoGo/errors.go:152.2,152.151 1 1
github.com/coredds/ChronoGo/errors.go:156.46,157.20 1 1
github.com/coredds/ChronoGo/errors.go:157.20,159.3 1 1
github.com/coredds/ChronoGo/errors.go:161.2,175.28 3 1
github.com/coredds/ChronoGo/errors.go:175.28,177.57 1 1
github.com/coredds/ChronoGo/errors.go:177.57,179.4 1 1
github.com/coredds/ChronoGo/errors.go:182.2,182.90 1 1
github.com/coredds/ChronoGo/errors.go:182.90,184.3 1 1
github.com/coredds/ChronoGo/errors.go:185.2,185.90 1 1
github.com/coredds/ChronoGo/errors.go:185.90,187.3 1 1
github.com/coredds/ChronoGo/errors.go:188.2,188.90 1 1
github.com/coredds/ChronoGo/errors.go:188.90,190.3 1 0
github.com/coredds/ChronoGo/errors.go:191.2,191.91 1 1
github.com/coredds/ChronoGo/errors.go:191.91,193.3 1 0
github.com/coredds/ChronoGo/errors.go:195.2,195.116 1 1
github.com/coredds/ChronoGo/errors.go:199.42,200.18 1 1
github.com/coredds/ChronoGo/errors.go:200.18,202.3 1 1
github.com/coredds/ChronoGo/errors.go:205.2,227.40 7 1
github.com/coredds/ChronoGo/errors.go:227.40,228.38 1 1
github.com/coredds/ChronoGo/errors.go:228.38,230.9 2 1
github.com/coredds/ChronoGo/errors.go:234.2,234.19 1 1
github.com/coredds/ChronoGo/errors.go:238.35,239.13 1 1
github.com/coredds/ChronoGo/errors.go:239.13,241.3 1 1
github.com/coredds/ChronoGo/errors.go:242.2,242.22 1 1
github.com/coredds/ChronoGo/errors.go:242.22,243.25 1 1
github.com/coredds/ChronoGo/errors.go:243.25,245.4 1 1
github.com/coredds/ChronoGo/errors.go:247.2,247.13 1 1
github.com/coredds/ChronoGo/errors.go:253.37,254.17 1 1
github.com/coredds/ChronoGo/errors.go:254.17,260.3 1 1
github.com/coredds/ChronoGo/errors.go:263.2,264.29 2 1
github.com/coredds/ChronoGo/errors.go:264.29,271.3 1 1
github.com/coredds/ChronoGo/errors.go:273.2,273.12 1 1
github.com/coredds/ChronoGo/errors.go:277.47,278.41 1 1
github.com/coredds/ChronoGo/errors.go:278.41,280.3 1 1
github.com/coredds/ChronoGo/errors.go:282.2,282.39 1 1
github.com/coredds/ChronoGo/errors.go:282.39,284.3 1 0
github.com/coredds/ChronoGo/errors.go:286.2,286.22 1 1
github.com/coredds/ChronoGo/errors.go:286.22,288.3 1 1
github.com/coredds/ChronoGo/errors.go:290.2,290.12 1 1
github.com/coredds/ChronoGo/errors.go:294.39,296.16 2 1
github.com/coredds/ChronoGo/errors.go:296.16,297.52 1 1
github.com/coredds/ChronoGo/errors.go:299.2,299.11 1 1
github.com/coredds/ChronoGo/errors.go:303.69,305.16 2 1
github.com/coredds/ChronoGo/errors.go:305.16,306.62 1 1
github.com/coredds/ChronoGo/errors.go:308.2,308.11 1 1
github.com/coredds/ChronoGo/errors.go:312.52,314.16 2 1
github.com/coredds/ChronoGo/errors.go:314.16,315.57 1 1
github.com/coredds/ChronoGo/errors.go:317.2,317.11 1 1
github.com/coredds/ChronoGo/errors.go:321.51,323.16 2 1
github.com/coredds/ChronoGo/errors.go:323.16,324.59 1 1
github.com/coredds/ChronoGo/errors.go:326.2,326.12 1 1
github.com/coredds/ChronoGo/fluent.go:24.48,26.2 1 0
github.com/coredds/ChronoGo/fluent.go:29.42,31.2 1 0
github.com/coredds/ChronoGo/fluent.go:34.60,37.2 2 0
github.com/coredds/ChronoGo/fluent.go:40.62,43.2 2 0
github.com/coredds/ChronoGo/fluent.go:46.60,49.2 2 0
github.com/coredds/ChronoGo/fluent.go:52.58,55.2 2 0
github.com/coredds/ChronoGo/fluent.go:58.60,61.2 2 0
github.com/coredds/ChronoGo/fluent.go:64.64,67.2 2 0
github.com/coredds/ChronoGo/fluent.go:70.64,73.2 2 0
github.com/coredds/ChronoGo/fluent.go:76.74,79.2 2 0
github.com/coredds/ChronoGo/fluent.go:82.74,85.2 2 0
github.com/coredds/ChronoGo/fluent.go:88.72,91.2 2 0
github.com/coredds/ChronoGo/fluent.go:94.52,99.2 2 0
github.com/coredds/ChronoGo/fluent.go:102.54,107.2 2 0
github.com/coredds/ChronoGo/fluent.go:110.59,113.2 2 0
github.com/coredds/ChronoGo/fluent.go:116.68,119.2 2 0
github.com/coredds/ChronoGo/fluent.go:122.57,125.2 2 0
github.com/coredds/ChronoGo/fluent.go:128.59,131.2 2 0
github.com/coredds/ChronoGo/fluent.go:134.63,137.2 2 0
github.com/coredds/ChronoGo/fluent.go:140.63,143.2 2 0
github.com/coredds/ChronoGo/fluent.go:146.73,149.2 2 0
github.com/coredds/ChronoGo/fluent.go:152.45,154.2 1 0
github.com/coredds/ChronoGo/fluent.go:162.50,164.2 1 0
github.com/coredds/ChronoGo/fluent.go:167.76,172.2 2 0
github.com/coredds/ChronoGo/fluent.go:175.42,177.2 1 0
github.com/coredds/ChronoGo/fluent.go:180.43,182.2 1 0
github.com/coredds/ChronoGo/fluent.go:185.42,187.2 1 0
github.com/coredds/ChronoGo/fluent.go:190.41,192.2 1 0
github.com/coredds/ChronoGo/fluent.go:195.47,197.2 1 0
github.com/coredds/ChronoGo/fluent.go:200.42,202.2 1 0
github.com/coredds/ChronoGo/fluent.go:205.67,207.2 1 0
github.com/coredds/ChronoGo/fluent.go:210.72,212.2 1 0
github.com/coredds/ChronoGo/fluent.go:215.66,217.2 1 0
github.com/coredds/ChronoGo/fluent.go:220.64,222.2 1 0
github.com/coredds/ChronoGo/fluent.go:225.44,227.2 1 0
github.com/coredds/ChronoGo/fluent.go:230.44,232.2 1 0
github.com/coredds/ChronoGo/fluent.go:235.40,237.2 1 0
github.com/coredds/ChronoGo/fluent.go:240.47,241.21 1 0
github.com/coredds/ChronoGo/fluent.go:241.21,243.3 1 0
github.com/coredds/ChronoGo/fluent.go:244.2,244.11 1 0
github.com/coredds/ChronoGo/human.go:11.60,13.20 2 0
github.com/coredds/ChronoGo/human.go:13.20,15.3 1 0
github.com/coredds/ChronoGo/human.go:15.8,17.3 1 0
github.com/coredds/ChronoGo/human.go:19.2,19.59 1 0
github.com/coredds/ChronoGo/human.go:23.89,25.20 2 0
github.com/coredds/ChronoGo/human.go:25.20,27.3 1 0
github.com/coredds/ChronoGo/human.go:27.8,29.3 1 0
github.com/coredds/ChronoGo/human.go:31.2,31.65 1 0
github.com/coredds/ChronoGo/human.go:36.46,38.2 1 0
github.com/coredds/ChronoGo/human.go:41.70,43.2 1 0
github.com/coredds/ChronoGo/human.go:46.98,60.16 6 0
github.com/coredds/ChronoGo/human.go:60.16,64.19 3 0
github.com/coredds/ChronoGo/human.go:64.19,65.14 1 0
github.com/coredds/ChronoGo/human.go:65.14,67.5 1 0
github.com/coredds/ChronoGo/human.go:68.4,68.77 1 0
github.com/coredds/ChronoGo/human.go:69.9,70.14 1 0
github.com/coredds/ChronoGo/human.go:70.14,72.5 1 0
github.com/coredds/ChronoGo/human.go:73.4,73.74 1 0
github.com/coredds/ChronoGo/human.go:78.2,78.18 1 0
github.com/coredds/ChronoGo/human.go:78.18,79.13 1 0
github.com/coredds/ChronoGo/human.go:79.13,81.4 1 0
github.com/coredds/ChronoGo/human.go:82.3,82.74 1 0
github.com/coredds/ChronoGo/human.go:83.8,84.13 1 0
github.com/coredds/ChronoGo/human.go:84.13,85.26 1 0
github.com/coredds/ChronoGo/human.go:85.26,88.5 1 0
github.com/coredds/ChronoGo/human.go:88.10,88.33 1 0
github.com/coredds/ChronoGo/human.go:88.33,91.5 1 0
github.com/coredds/ChronoGo/human.go:91.10,91.33 1 0
github.com/coredds/ChronoGo/human.go:91.33,94.5 1 0
github.com/coredds/ChronoGo/human.go:94.10,97.5 1 0
github.com/coredds/ChronoGo/human.go:98.9,99.26 1 0
github.com/coredds/ChronoGo/human.go:99.26,102.5 1 0
github.com/coredds/ChronoGo/human.go:102.10,102.33 1 0
github.com/coredds/ChronoGo/human.go:102.33,105.5 1 0
github.com/coredds/ChronoGo/human.go:105.10,105.33 1 0
github.com/coredds/ChronoGo/human.go:105.33,108.5 1 0
github.com/coredds/ChronoGo/human.go:108.10,111.5 1 0
github.com/coredds/ChronoGo/human.go:117.61,126.9 8 0
github.com/coredds/ChronoGo/human.go:127.17,129.17 2 0
github.com/coredds/ChronoGo/human.go:129.17,131.4 1 0
github.com/coredds/ChronoGo/human.go:132.3,132.21 1 0
github.com/coredds/ChronoGo/human.go:134.18,136.18 2 0
github.com/coredds/ChronoGo/human.go:136.18,138.4 1 0
github.com/coredds/ChronoGo/human.go:139.3,139.22 1 0
github.com/coredds/ChronoGo/human.go:141.17,143.17 2 0
github.com/coredds/ChronoGo/human.go:143.17,145.4 1 0
github.com/coredds/ChronoGo/human.go:146.3,146.21 1 0
github.com/coredds/ChronoGo/human.go:148.16,150.16 2 0
github.com/coredds/ChronoGo/human.go:150.16,152.4 1 0
github.com/coredds/ChronoGo/human.go:153.3,153.20 1 0
github.com/coredds/ChronoGo/human.go:155.17,157.17 2 0
github.com/coredds/ChronoGo/human.go:157.17,159.4 1 0
github.com/coredds/ChronoGo/human.go:160.3,160.21 1 0
github.com/coredds/ChronoGo/human.go:162.19,164.19 2 0
github.com/coredds/ChronoGo/human.go:164.19,166.4 1 0
github.com/coredds/ChronoGo/human.go:167.3,167.23 1 0
github.com/coredds/ChronoGo/human.go:169.21,170.28 1 0
github.com/coredds/ChronoGo/human.go:172.10,173.22 1 0
github.com/coredds/ChronoGo/human.go:178.86,187.9 8 0
github.com/coredds/ChronoGo/human.go:188.17,190.17 2 0
github.com/coredds/ChronoGo/human.go:190.17,192.4 1 0
github.com/coredds/ChronoGo/human.go:193.3,193.43 1 0
github.com/coredds/ChronoGo/human.go:195.18,197.18 2 0
github.com/coredds/ChronoGo/human.go:197.18,199.4 1 0
github.com/coredds/ChronoGo/human.go:200.3,200.44 1 0
github.com/coredds/ChronoGo/human.go:202.17,204.17 2 0
github.com/coredds/ChronoGo/human.go:204.17,206.4 1 0
github.com/coredds/ChronoGo/human.go:207.3,207.43 1 0
github.com/coredds/ChronoGo/human.go:209.16,211.16 2 0
github.com/coredds/ChronoGo/human.go:211.16,213.4 1 0
github.com/coredds/ChronoGo/human.go:214.3,214.42 1 0
github.com/coredds/ChronoGo/human.go:216.17,218.17 2 0
github.com/coredds/ChronoGo/human.go:218.17,220.4 1 0
github.com/coredds/ChronoGo/human.go:221.3,221.43 1 0
github.com/coredds/ChronoGo/human.go:223.19,225.19 2 0
github.com/coredds/ChronoGo/human.go:225.19,227.4 1 0
github.com/coredds/ChronoGo/human.go:228.3,228.45 1 0
github.com/coredds/ChronoGo/human.go:230.21,231.47 1 0
github.com/coredds/ChronoGo/human.go:233.10,234.41 1 0
github.com/coredds/ChronoGo/human.go:239.46,240.19 1 0
github.com/coredds/ChronoGo/human.go:240.19,242.3 1 0
github.com/coredds/ChronoGo/human.go:244.2,247.16 3 0
github.com/coredds/ChronoGo/human.go:247.16,248.19 1 0
github.com/coredds/ChronoGo/human.go:248.19,250.4 1 0
github.com/coredds/ChronoGo/human.go:251.3,251.25 1 0
github.com/coredds/ChronoGo/human.go:254.2,254.18 1 0
github.com/coredds/ChronoGo/human.go:254.18,256.3 1 0
github.com/coredds/ChronoGo/human.go:258.2,258.42 1 0
github.com/coredds/ChronoGo/human.go:262.33,264.19 2 0
github.com/coredds/ChronoGo/human.go:264.19,266.3 1 0
github.com/coredds/ChronoGo/human.go:268.2,271.16 3 0
github.com/coredds/ChronoGo/human.go:271.16,273.18 2 0
github.com/coredds/ChronoGo/human.go:273.18,275.17 2 0
github.com/coredds/ChronoGo/human.go:275.17,277.5 1 0
github.com/coredds/ChronoGo/human.go:278.4,278.43 1 0
github.com/coredds/ChronoGo/human.go:280.3,280.18 1 0
github.com/coredds/ChronoGo/human.go:280.18,282.4 1 0
github.com/coredds/ChronoGo/human.go:283.3,283.46 1 0
github.com/coredds/ChronoGo/human.go:286.2,286.16 1 0
github.com/coredds/ChronoGo/human.go:286.16,288.3 1 0
github.com/coredds/ChronoGo/human.go:289.2,289.43 1 0
github.com/coredds/ChronoGo/human.go:294.41,296.20 2 0
github.com/coredds/ChronoGo/human.go:296.20,298.3 1 0
github.com/coredds/ChronoGo/human.go:299.2,299.27 1 0
github.com/coredds/ChronoGo/human.go:303.37,305.2 1 0
github.com/coredds/ChronoGo/human.go:309.67,311.2 1 0
github.com/coredds/ChronoGo/localization.go:25.13,75.34 1 1
github.com/coredds/ChronoGo/localization.go:75.34,76.15 1 0
github.com/coredds/ChronoGo/localization.go:76.15,78.6 1 0
github.com/coredds/ChronoGo/localization.go:79.5,79.20 1 0
github.com/coredds/ChronoGo/localization.go:85.2,226.4 3 1
github.com/coredds/ChronoGo/localization.go:230.37,234.2 3 1
github.com/coredds/ChronoGo/localization.go:237.41,242.13 4 0
github.com/coredds/ChronoGo/localization.go:242.13,244.3 1 0
github.com/coredds/ChronoGo/localization.go:246.2,250.12 4 0
github.com/coredds/ChronoGo/localization.go:254.25,258.2 3 0
github.com/coredds/ChronoGo/localization.go:261.37,266.28 4 0
github.com/coredds/ChronoGo/localization.go:266.28,268.3 1 0
github.com/coredds/ChronoGo/localization.go:269.2,269.14 1 0
github.com/coredds/ChronoGo/localization.go:273.47,277.51 3 0
github.com/coredds/ChronoGo/localization.go:277.51,279.3 1 0
github.com/coredds/ChronoGo/localization.go:282.2,282.54 1 0
github.com/coredds/ChronoGo/localization.go:282.54,284.3 1 0
github.com/coredds/ChronoGo/localization.go:287.2,287.22 1 0
github.com/coredds/ChronoGo/localization.go:291.51,292.51 1 0
github.com/coredds/ChronoGo/localization.go:292.51,294.3 1 0
github.com/coredds/ChronoGo/localization.go:297.2,297.52 1 0
github.com/coredds/ChronoGo/localization.go:297.52,298.59 1 0
github.com/coredds/ChronoGo/localization.go:298.59,300.4 1 0
github.com/coredds/ChronoGo/localization.go:304.2,304.12 1 0
github.com/coredds/ChronoGo/parse.go:38.44,40.2 1 1
github.com/coredds/ChronoGo/parse.go:44.74,47.17 2 1
github.com/coredds/ChronoGo/parse.go:47.17,49.3 1 0
github.com/coredds/ChronoGo/parse.go:52.2,52.39 1 1
github.com/coredds/ChronoGo/parse.go:52.39,53.69 1 1
github.com/coredds/ChronoGo/parse.go:53.69,55.4 1 1
github.com/coredds/ChronoGo/parse.go:58.2,58.78 1 1
github.com/coredds/ChronoGo/parse.go:62.50,64.2 1 0
github.com/coredds/ChronoGo/parse.go:67.80,69.17 2 0
github.com/coredds/ChronoGo/parse.go:69.17,71.3 1 0
github.com/coredds/ChronoGo/parse.go:72.2,78.39 2 0
github.com/coredds/ChronoGo/parse.go:78.39,79.69 1 0
github.com/coredds/ChronoGo/parse.go:79.69,81.4 1 0
github.com/coredds/ChronoGo/parse.go:83.2,83.85 1 0
github.com/coredds/ChronoGo/parse.go:87.51,88.40 1 0
github.com/coredds/ChronoGo/parse.go:88.40,90.3 1 0
github.com/coredds/ChronoGo/parse.go:92.2,93.16 2 0
github.com/coredds/ChronoGo/parse.go:93.16,96.17 2 0
github.com/coredds/ChronoGo/parse.go:96.17,98.4 1 0
github.com/coredds/ChronoGo/parse.go:101.2,101.25 1 0
github.com/coredds/ChronoGo/parse.go:105.51,107.16 2 0
github.com/coredds/ChronoGo/parse.go:107.16,109.3 1 0
github.com/coredds/ChronoGo/parse.go:110.2,110.25 1 0
github.com/coredds/ChronoGo/parse.go:115.57,117.2 1 1
github.com/coredds/ChronoGo/parse.go:120.87,122.16 2 1
github.com/coredds/ChronoGo/parse.go:122.16,124.3 1 1
github.com/coredds/ChronoGo/parse.go:125.2,125.25 1 1
github.com/coredds/ChronoGo/parse.go:130.56,131.21 1 1
github.com/coredds/ChronoGo/parse.go:131.21,133.3 1 0
github.com/coredds/ChronoGo/parse.go:134.2,135.16 2 1
github.com/coredds/ChronoGo/parse.go:135.16,137.3 1 1
github.com/coredds/ChronoGo/parse.go:138.2,138.17 1 1
github.com/coredds/ChronoGo/parse.go:142.37,144.2 1 0
github.com/coredds/ChronoGo/parse.go:147.57,149.2 1 0
github.com/coredds/ChronoGo/parse.go:152.87,154.13 2 0
github.com/coredds/ChronoGo/parse.go:154.13,156.3 1 0
github.com/coredds/ChronoGo/parse.go:159.2,160.32 2 0
github.com/coredds/ChronoGo/parse.go:160.32,162.3 1 0
github.com/coredds/ChronoGo/parse.go:165.2,166.16 2 0
github.com/coredds/ChronoGo/parse.go:166.16,168.3 1 0
github.com/coredds/ChronoGo/parse.go:170.2,171.31 2 0
github.com/coredds/ChronoGo/parse.go:172.37,173.23 1 0
github.com/coredds/ChronoGo/parse.go:174.10,175.25 1 0
github.com/coredds/ChronoGo/parse.go:176.10,177.25 1 0
github.com/coredds/ChronoGo/parse.go:178.10,179.23 1 0
github.com/coredds/ChronoGo/parse.go:180.10,181.84 1 0
github.com/coredds/ChronoGo/parse.go:185.2,185.33 1 0
github.com/coredds/ChronoGo/parse.go:189.51,191.2 1 0
github.com/coredds/ChronoGo/parse.go:195.36,240.2 1 0
github.com/coredds/ChronoGo/parse.go:243.40,246.2 2 0
github.com/coredds/ChronoGo/parse.go:249.53,251.2 1 0
github.com/coredds/ChronoGo/parse.go:254.83,256.17 2 0
github.com/coredds/ChronoGo/parse.go:256.17,258.3 1 0
github.com/coredds/ChronoGo/parse.go:261.2,261.43 1 0
github.com/coredds/ChronoGo/parse.go:261.43,262.73 1 0
github.com/coredds/ChronoGo/parse.go:262.73,264.4 1 0
github.com/coredds/ChronoGo/parse.go:268.2,268.45 1 0
github.com/coredds/ChronoGo/parse.go:268.45,270.3 1 0
github.com/coredds/ChronoGo/parse.go:273.2,274.18 2 0
github.com/coredds/ChronoGo/parse.go:274.18,275.69 1 0
github.com/coredds/ChronoGo/parse.go:275.69,277.4 1 0
github.com/coredds/ChronoGo/parse.go:281.2,281.44 1 0
github.com/coredds/ChronoGo/parse.go:285.40,289.56 2 0
github.com/coredds/ChronoGo/parse.go:289.56,290.39 1 0
github.com/coredds/ChronoGo/parse.go:290.39,291.37 1 0
github.com/coredds/ChronoGo/parse.go:291.37,292.21 1 0
github.com/coredds/ChronoGo/parse.go:292.21,294.6 1 0
github.com/coredds/ChronoGo/parse.go:295.5,295.28 1 0
github.com/coredds/ChronoGo/parse.go:297.4,297.62 1 0
github.com/coredds/ChronoGo/parse.go:297.62,299.5 1 0
github.com/coredds/ChronoGo/parse.go:300.4,300.20 1 0
github.com/coredds/ChronoGo/parse.go:300.20,302.5 1 0
github.com/coredds/ChronoGo/parse.go:303.9,303.65 1 0
github.com/coredds/ChronoGo/parse.go:303.65,304.20 1 0
github.com/coredds/ChronoGo/parse.go:304.20,306.5 1 0
github.com/coredds/ChronoGo/parse.go:307.4,307.20 1 0
github.com/coredds/ChronoGo/parse.go:307.20,309.5 1 0
github.com/coredds/ChronoGo/parse.go:314.2,314.56 1 0
github.com/coredds/ChronoGo/parse.go:314.56,316.3 1 0
github.com/coredds/ChronoGo/parse.go:319.2,319.39 1 0
github.com/coredds/ChronoGo/parse.go:319.39,321.3 1 0
github.com/coredds/ChronoGo/parse.go:324.2,324.34 1 0
github.com/coredds/ChronoGo/parse.go:324.34,325.57 1 0
github.com/coredds/ChronoGo/parse.go:325.57,327.4 1 0
github.com/coredds/ChronoGo/parse.go:328.3,328.57 1 0
github.com/coredds/ChronoGo/parse.go:328.57,330.4 1 0
github.com/coredds/ChronoGo/parse.go:334.2,334.115 1 0
github.com/coredds/ChronoGo/parse.go:334.115,335.18 1 0
github.com/coredds/ChronoGo/parse.go:335.18,337.4 1 0
github.com/coredds/ChronoGo/parse.go:338.3,338.18 1 0
github.com/coredds/ChronoGo/parse.go:338.18,340.4 1 0
github.com/coredds/ChronoGo/parse.go:343.2,343.11 1 0
github.com/coredds/ChronoGo/parse.go:347.82,372.42 2 0
github.com/coredds/ChronoGo/parse.go:372.42,373.69 1 0
github.com/coredds/ChronoGo/parse.go:373.69,375.4 1 0
github.com/coredds/ChronoGo/parse.go:378.2,378.78 1 0
github.com/coredds/ChronoGo/parse.go:382.33,383.17 1 0
github.com/coredds/ChronoGo/parse.go:383.17,385.3 1 0
github.com/coredds/ChronoGo/parse.go:386.2,386.30 1 0
github.com/coredds/ChronoGo/parse.go:386.30,387.31 1 0
github.com/coredds/ChronoGo/parse.go:387.31,389.4 1 0
github.com/coredds/ChronoGo/parse.go:391.2,391.13 1 0
github.com/coredds/ChronoGo/parse.go:395.76,401.43 4 0
github.com/coredds/ChronoGo/parse.go:401.43,402.22 1 0
github.com/coredds/ChronoGo/parse.go:402.22,404.28 2 0
github.com/coredds/ChronoGo/parse.go:404.28,405.10 1 0
github.com/coredds/ChronoGo/parse.go:411.2,411.31 1 0
github.com/coredds/ChronoGo/parse.go:411.31,413.18 2 0
github.com/coredds/ChronoGo/parse.go:413.18,415.12 2 0
github.com/coredds/ChronoGo/parse.go:419.3,419.27 1 0
github.com/coredds/ChronoGo/parse.go:419.27,420.78 1 0
github.com/coredds/ChronoGo/parse.go:420.78,422.13 2 0
github.com/coredds/ChronoGo/parse.go:427.3,427.66 1 0
github.com/coredds/ChronoGo/parse.go:427.66,429.4 1 0
github.com/coredds/ChronoGo/parse.go:429.9,431.4 1 0
github.com/coredds/ChronoGo/parse.go:434.2,434.29 1 0
github.com/coredds/ChronoGo/parse.go:438.24,439.11 1 0
github.com/coredds/ChronoGo/parse.go:439.11,441.3 1 0
github.com/coredds/ChronoGo/parse.go:442.2,442.10 1 0
github.com/coredds/ChronoGo/period.go:17.44,19.2 1 0
github.com/coredds/ChronoGo/period.go:22.42,24.2 1 0
github.com/coredds/ChronoGo/period.go:27.44,29.2 1 0
github.com/coredds/ChronoGo/period.go:32.35,34.2 1 0
github.com/coredds/ChronoGo/period.go:37.30,38.20 1 0
github.com/coredds/ChronoGo/period.go:38.20,40.3 1 0
github.com/coredds/ChronoGo/period.go:41.2,41.10 1 0
github.com/coredds/ChronoGo/period.go:45.29,46.20 1 0
github.com/coredds/ChronoGo/period.go:46.20,48.3 1 0
github.com/coredds/ChronoGo/period.go:50.2,58.76 6 0
github.com/coredds/ChronoGo/period.go:58.76,60.3 1 0
github.com/coredds/ChronoGo/period.go:62.2,62.14 1 0
github.com/coredds/ChronoGo/period.go:66.30,67.20 1 0
github.com/coredds/ChronoGo/period.go:67.20,69.3 1 0
github.com/coredds/ChronoGo/period.go:71.2,80.33 6 0
github.com/coredds/ChronoGo/period.go:80.33,82.3 1 0
github.com/coredds/ChronoGo/period.go:84.2,84.15 1 0
github.com/coredds/ChronoGo/period.go:88.28,90.18 2 0
github.com/coredds/ChronoGo/period.go:90.18,92.3 1 0
github.com/coredds/ChronoGo/period.go:93.2,93.35 1 0
github.com/coredds/ChronoGo/period.go:97.29,99.18 2 0
github.com/coredds/ChronoGo/period.go:99.18,101.3 1 0
github.com/coredds/ChronoGo/period.go:102.2,102.30 1 0
github.com/coredds/ChronoGo/period.go:106.31,108.18 2 0
github.com/coredds/ChronoGo/period.go:108.18,110.3 1 0
github.com/coredds/ChronoGo/period.go:111.2,111.32 1 0
github.com/coredds/ChronoGo/period.go:115.31,117.18 2 0
github.com/coredds/ChronoGo/period.go:117.18,119.3 1 0
github.com/coredds/ChronoGo/period.go:120.2,120.32 1 0
github.com/coredds/ChronoGo/period.go:124.34,126.2 1 0
github.com/coredds/ChronoGo/period.go:129.35,131.2 1 0
github.com/coredds/ChronoGo/period.go:134.37,136.2 1 0
github.com/coredds/ChronoGo/period.go:139.37,141.2 1 0
github.com/coredds/ChronoGo/period.go:144.33,146.19 2 0
github.com/coredds/ChronoGo/period.go:146.19,148.3 1 0
github.com/coredds/ChronoGo/period.go:150.2,150.20 1 0
github.com/coredds/ChronoGo/period.go:150.20,152.3 1 0
github.com/coredds/ChronoGo/period.go:154.2,157.14 3 0
github.com/coredds/ChronoGo/period.go:157.14,158.16 1 0
github.com/coredds/ChronoGo/period.go:158.16,160.4 1 0
github.com/coredds/ChronoGo/period.go:160.9,162.4 1 0
github.com/coredds/ChronoGo/period.go:163.3,163.51 1 0
github.com/coredds/ChronoGo/period.go:166.2,167.15 2 0
github.com/coredds/ChronoGo/period.go:167.15,168.17 1 0
github.com/coredds/ChronoGo/period.go:168.17,170.4 1 0
github.com/coredds/ChronoGo/period.go:170.9,172.4 1 0
github.com/coredds/ChronoGo/period.go:173.3,173.47 1 0
github.com/coredds/ChronoGo/period.go:176.2,177.17 2 0
github.com/coredds/ChronoGo/period.go:177.17,178.19 1 0
github.com/coredds/ChronoGo/period.go:178.19,180.4 1 0
github.com/coredds/ChronoGo/period.go:180.9,182.4 1 0
github.com/coredds/ChronoGo/period.go:183.3,183.51 1 0
github.com/coredds/ChronoGo/period.go:186.2,187.36 2 0
github.com/coredds/ChronoGo/period.go:187.36,188.19 1 0
github.com/coredds/ChronoGo/period.go:188.19,190.4 1 0
github.com/coredds/ChronoGo/period.go:190.9,192.4 1 0
github.com/coredds/ChronoGo/period.go:195.2,196.29 2 0
github.com/coredds/ChronoGo/period.go:196.29,197.13 1 0
github.com/coredds/ChronoGo/period.go:197.13,199.4 1 0
github.com/coredds/ChronoGo/period.go:199.9,199.31 1 0
github.com/coredds/ChronoGo/period.go:199.31,201.4 1 0
github.com/coredds/ChronoGo/period.go:201.9,203.4 1 0
github.com/coredds/ChronoGo/period.go:206.2,206.15 1 0
github.com/coredds/ChronoGo/period.go:211.65,213.2 1 0
github.com/coredds/ChronoGo/period.go:218.97,220.19 2 0
github.com/coredds/ChronoGo/period.go:220.19,222.3 1 0
github.com/coredds/ChronoGo/period.go:224.2,226.12 2 0
github.com/coredds/ChronoGo/period.go:226.12,231.29 3 0
github.com/coredds/ChronoGo/period.go:231.29,232.11 1 0
github.com/coredds/ChronoGo/period.go:233.22,234.11 1 0
github.com/coredds/ChronoGo/period.go:235.23,235.23 0 0
github.com/coredds/ChronoGo/period.go:239.4,239.16 1 0
github.com/coredds/ChronoGo/period.go:240.17,241.41 1 0
github.com/coredds/ChronoGo/period.go:242.18,243.42 1 0
github.com/coredds/ChronoGo/period.go:244.16,245.40 1 0
github.com/coredds/ChronoGo/period.go:246.17,247.41 1 0
github.com/coredds/ChronoGo/period.go:248.19,249.43 1 0
github.com/coredds/ChronoGo/period.go:250.19,251.43 1 0
github.com/coredds/ChronoGo/period.go:252.12,253.11 1 0
github.com/coredds/ChronoGo/period.go:258.2,258.11 1 0
github.com/coredds/ChronoGo/period.go:262.69,264.2 1 0
github.com/coredds/ChronoGo/period.go:268.101,270.19 2 0
github.com/coredds/ChronoGo/period.go:270.19,272.3 1 0
github.com/coredds/ChronoGo/period.go:274.2,275.12 2 0
github.com/coredds/ChronoGo/period.go:275.12,279.29 3 0
github.com/coredds/ChronoGo/period.go:279.29,280.11 1 0
github.com/coredds/ChronoGo/period.go:281.22,282.11 1 0
github.com/coredds/ChronoGo/period.go:283.23,283.23 0 0
github.com/coredds/ChronoGo/period.go:286.4,286.16 1 0
github.com/coredds/ChronoGo/period.go:287.18,288.41 1 0
github.com/coredds/ChronoGo/period.go:289.19,290.42 1 0
github.com/coredds/ChronoGo/period.go:291.27,294.25 2 0
github.com/coredds/ChronoGo/period.go:294.25,296.6 1 0
github.com/coredds/ChronoGo/period.go:297.5,297.35 1 0
github.com/coredds/ChronoGo/period.go:298.18,299.41 1 0
github.com/coredds/ChronoGo/period.go:300.20,301.43 1 0
github.com/coredds/ChronoGo/period.go:302.20,303.43 1 0
github.com/coredds/ChronoGo/period.go:304.12,305.11 1 0
github.com/coredds/ChronoGo/period.go:309.2,309.11 1 0
github.com/coredds/ChronoGo/period.go:313.56,315.2 1 0
github.com/coredds/ChronoGo/period.go:318.57,320.2 1 0
github.com/coredds/ChronoGo/period.go:323.67,324.38 1 0
github.com/coredds/ChronoGo/period.go:324.38,326.3 1 0
github.com/coredds/ChronoGo/period.go:331.69,333.19 2 0
github.com/coredds/ChronoGo/period.go:333.19,335.3 1 0
github.com/coredds/ChronoGo/period.go:338.2,338.19 1 0
github.com/coredds/ChronoGo/period.go:338.19,340.3 1 0
github.com/coredds/ChronoGo/period.go:343.2,344.14 2 0
github.com/coredds/ChronoGo/period.go:345.16,346.27 1 0
github.com/coredds/ChronoGo/period.go:347.17,348.28 1 0
github.com/coredds/ChronoGo/period.go:349.15,350.35 1 0
github.com/coredds/ChronoGo/period.go:351.16,352.39 1 0
github.com/coredds/ChronoGo/period.go:353.16,354.52 1 0
github.com/coredds/ChronoGo/period.go:355.18,356.54 1 0
github.com/coredds/ChronoGo/period.go:357.18,358.54 1 0
github.com/coredds/ChronoGo/period.go:359.10,360.17 1 0
github.com/coredds/ChronoGo/period.go:364.2,364.18 1 0
github.com/coredds/ChronoGo/period.go:364.18,366.3 1 0
github.com/coredds/ChronoGo/period.go:366.8,366.28 1 0
github.com/coredds/ChronoGo/period.go:366.28,368.3 1 0
github.com/coredds/ChronoGo/period.go:371.2,372.28 2 0
github.com/coredds/ChronoGo/period.go:372.28,375.3 1 0
github.com/coredds/ChronoGo/period.go:377.2,382.62 5 0
github.com/coredds/ChronoGo/period.go:382.62,386.15 3 0
github.com/coredds/ChronoGo/period.go:387.17,388.40 1 0
github.com/coredds/ChronoGo/period.go:389.18,390.41 1 0
github.com/coredds/ChronoGo/period.go:391.26,393.24 2 0
github.com/coredds/ChronoGo/period.go:393.24,395.5 1 0
github.com/coredds/ChronoGo/period.go:396.4,396.34 1 0
github.com/coredds/ChronoGo/period.go:397.17,398.40 1 0
github.com/coredds/ChronoGo/period.go:399.19,400.42 1 0
github.com/coredds/ChronoGo/period.go:401.19,402.42 1 0
github.com/coredds/ChronoGo/period.go:403.11,405.23 1 0
github.com/coredds/ChronoGo/period.go:409.2,409.15 1 0
github.com/coredds/ChronoGo/period.go:414.55,416.34 2 0
github.com/coredds/ChronoGo/period.go:416.34,418.3 1 0
github.com/coredds/ChronoGo/period.go:420.2,421.14 2 0
github.com/coredds/ChronoGo/period.go:421.14,423.3 1 0
github.com/coredds/ChronoGo/period.go:425.2,426.21 2 0
github.com/coredds/ChronoGo/period.go:426.21,428.3 1 0
github.com/coredds/ChronoGo/period.go:430.2,435.62 5 0
github.com/coredds/ChronoGo/period.go:435.62,439.3 3 0
github.com/coredds/ChronoGo/period.go:441.2,441.15 1 0
github.com/coredds/ChronoGo/testing.go:16.30,21.2 4 0
github.com/coredds/ChronoGo/testing.go:24.21,29.2 4 0
github.com/coredds/ChronoGo/testing.go:32.22,36.2 3 0
github.com/coredds/ChronoGo/testing.go:39.40,42.38 3 0
github.com/coredds/ChronoGo/testing.go:42.38,44.3 1 0
github.com/coredds/ChronoGo/testing.go:45.2,45.27 1 0
github.com/coredds/ChronoGo/testing.go:49.28,51.2 1 0
github.com/coredds/ChronoGo/testing.go:54.19,56.2 1 0
github.com/coredds/ChronoGo/testing.go:59.30,63.38 3 0
github.com/coredds/ChronoGo/testing.go:63.38,65.3 1 0
github.com/coredds/ChronoGo/testing.go:66.2,66.19 1 0
github.com/coredds/ChronoGo/testing.go:70.31,72.2 1 0
github.com/coredds/ChronoGo/testing.go:75.34,77.2 1 0
github.com/coredds/ChronoGo/testing.go:80.35,82.2 1 0
github.com/coredds/ChronoGo/testing.go:85.45,89.2 3 0
github.com/coredds/ChronoGo/testing.go:97.34,99.2 1 0
github.com/coredds/ChronoGo/testing.go:102.55,103.18 1 0
github.com/coredds/ChronoGo/testing.go:103.18,106.3 2 0
github.com/coredds/ChronoGo/testing.go:107.2,108.11 2 0
github.com/coredds/ChronoGo/testing.go:112.33,113.28 1 0
github.com/coredds/ChronoGo/testing.go:113.28,116.3 2 0
github.com/coredds/ChronoGo/testing.go:116.8,118.3 1 0
github.com/coredds/ChronoGo/testing.go:122.55,125.2 2 0
github.com/coredds/ChronoGo/testing.go:128.60,132.2 3 0
github.com/coredds/ChronoGo/testing.go:135.61,139.2 3 0
github.com/coredds/ChronoGo/testing.go:142.25,144.2 1 0
github.com/coredds/ChronoGo/testing.go:146.27,150.2 3 0
github.com/coredds/ChronoGo/testing.go:152.30,154.2 1 0
github.com/coredds/ChronoGo/testing.go:156.31,158.2 1 0
github.com/coredds/ChronoGo/testing.go:161.52,163.2 1 0
github.com/coredds/ChronoGo/testing.go:165.78,167.2 1 0
github.com/coredds/ChronoGo/testing.go:169.56,173.2 3 0
github.com/coredds/ChronoGo/testing.go:176.80,178.14 2 0
github.com/coredds/ChronoGo/testing.go:178.14,180.3 1 0
github.com/coredds/ChronoGo/testing.go:181.2,181.26 1 0
github.com/coredds/ChronoGo/testing.go:184.55,186.2 1 0
github.com/coredds/ChronoGo/testing.go:189.84,192.27 2 0
github.com/coredds/ChronoGo/testing.go:192.27,193.35 1 0
github.com/coredds/ChronoGo/testing.go:193.35,195.4 1 0
github.com/coredds/ChronoGo/testing.go:198.2,198.26 1 0
