mode: set
github.com/coredds/ChronoGo/business.go:30.51,52.2 2 1
github.com/coredds/ChronoGo/business.go:55.62,56.38 1 1
github.com/coredds/ChronoGo/business.go:56.38,57.37 1 1
github.com/coredds/ChronoGo/business.go:57.37,59.4 1 1
github.com/coredds/ChronoGo/business.go:61.2,61.14 1 1
github.com/coredds/ChronoGo/business.go:65.84,67.55 1 1
github.com/coredds/ChronoGo/business.go:67.55,69.3 1 0
github.com/coredds/ChronoGo/business.go:72.2,72.33 1 1
github.com/coredds/ChronoGo/business.go:72.33,74.3 1 1
github.com/coredds/ChronoGo/business.go:77.2,77.28 1 1
github.com/coredds/ChronoGo/business.go:77.28,79.3 1 1
github.com/coredds/ChronoGo/business.go:82.2,82.38 1 1
github.com/coredds/ChronoGo/business.go:82.38,84.3 1 1
github.com/coredds/ChronoGo/business.go:87.2,90.28 2 1
github.com/coredds/ChronoGo/business.go:90.28,92.3 1 1
github.com/coredds/ChronoGo/business.go:94.2,94.36 1 1
github.com/coredds/ChronoGo/business.go:98.88,101.18 3 1
github.com/coredds/ChronoGo/business.go:101.18,103.3 1 1
github.com/coredds/ChronoGo/business.go:104.2,106.32 2 1
github.com/coredds/ChronoGo/business.go:106.32,108.3 1 0
github.com/coredds/ChronoGo/business.go:110.2,111.22 2 1
github.com/coredds/ChronoGo/business.go:115.100,119.2 2 1
github.com/coredds/ChronoGo/business.go:122.62,124.2 1 1
github.com/coredds/ChronoGo/business.go:127.67,130.38 2 1
github.com/coredds/ChronoGo/business.go:130.38,131.51 1 1
github.com/coredds/ChronoGo/business.go:131.51,132.12 1 0
github.com/coredds/ChronoGo/business.go:135.3,135.29 1 1
github.com/coredds/ChronoGo/business.go:135.29,139.4 2 1
github.com/coredds/ChronoGo/business.go:139.9,142.20 2 1
github.com/coredds/ChronoGo/business.go:142.20,144.5 1 1
github.com/coredds/ChronoGo/business.go:148.2,148.17 1 1
github.com/coredds/ChronoGo/business.go:152.131,155.22 2 1
github.com/coredds/ChronoGo/business.go:155.22,158.63 2 1
github.com/coredds/ChronoGo/business.go:158.63,159.30 1 1
github.com/coredds/ChronoGo/business.go:159.30,161.5 1 1
github.com/coredds/ChronoGo/business.go:163.3,163.20 1 0
github.com/coredds/ChronoGo/business.go:167.2,168.18 2 1
github.com/coredds/ChronoGo/business.go:168.18,170.3 1 1
github.com/coredds/ChronoGo/business.go:171.2,177.29 3 1
github.com/coredds/ChronoGo/business.go:177.29,179.3 1 0
github.com/coredds/ChronoGo/business.go:181.2,181.15 1 1
github.com/coredds/ChronoGo/business.go:187.73,188.20 1 1
github.com/coredds/ChronoGo/business.go:188.20,190.3 1 1
github.com/coredds/ChronoGo/business.go:192.2,192.57 1 1
github.com/coredds/ChronoGo/business.go:192.57,194.3 1 1
github.com/coredds/ChronoGo/business.go:196.2,196.13 1 1
github.com/coredds/ChronoGo/business.go:200.79,202.45 2 1
github.com/coredds/ChronoGo/business.go:202.45,204.3 1 1
github.com/coredds/ChronoGo/business.go:205.2,205.13 1 1
github.com/coredds/ChronoGo/business.go:209.83,211.45 2 1
github.com/coredds/ChronoGo/business.go:211.45,213.3 1 1
github.com/coredds/ChronoGo/business.go:214.2,214.13 1 1
github.com/coredds/ChronoGo/business.go:218.89,219.15 1 1
github.com/coredds/ChronoGo/business.go:219.15,221.3 1 1
github.com/coredds/ChronoGo/business.go:223.2,227.14 4 1
github.com/coredds/ChronoGo/business.go:227.14,230.3 2 1
github.com/coredds/ChronoGo/business.go:232.2,232.20 1 1
github.com/coredds/ChronoGo/business.go:232.20,234.47 2 1
github.com/coredds/ChronoGo/business.go:234.47,236.4 1 1
github.com/coredds/ChronoGo/business.go:239.2,239.16 1 1
github.com/coredds/ChronoGo/business.go:243.94,245.2 1 1
github.com/coredds/ChronoGo/business.go:248.94,252.22 3 1
github.com/coredds/ChronoGo/business.go:252.22,254.3 1 1
github.com/coredds/ChronoGo/business.go:256.2,259.26 3 1
github.com/coredds/ChronoGo/business.go:259.26,260.47 1 1
github.com/coredds/ChronoGo/business.go:260.47,262.4 1 1
github.com/coredds/ChronoGo/business.go:263.3,263.31 1 1
github.com/coredds/ChronoGo/business.go:266.2,266.14 1 1
github.com/coredds/ChronoGo/business.go:270.66,271.27 1 1
github.com/coredds/ChronoGo/business.go:271.27,273.3 1 1
github.com/coredds/ChronoGo/business.go:274.2,274.37 1 1
github.com/coredds/ChronoGo/business.go:278.78,285.26 5 1
github.com/coredds/ChronoGo/business.go:285.26,286.47 1 1
github.com/coredds/ChronoGo/business.go:286.47,288.4 1 1
github.com/coredds/ChronoGo/business.go:289.3,289.31 1 1
github.com/coredds/ChronoGo/business.go:292.2,292.14 1 1
github.com/coredds/ChronoGo/business.go:296.77,303.26 5 1
github.com/coredds/ChronoGo/business.go:303.26,304.47 1 1
github.com/coredds/ChronoGo/business.go:304.47,306.4 1 1
github.com/coredds/ChronoGo/business.go:307.3,307.31 1 1
github.com/coredds/ChronoGo/business.go:310.2,310.14 1 1
github.com/coredds/ChronoGo/datetime.go:37.61,40.2 1 1
github.com/coredds/ChronoGo/datetime.go:42.58,44.48 2 1
github.com/coredds/ChronoGo/datetime.go:44.48,46.3 1 1
github.com/coredds/ChronoGo/datetime.go:48.2,49.61 2 1
github.com/coredds/ChronoGo/datetime.go:49.61,52.22 3 1
github.com/coredds/ChronoGo/datetime.go:52.22,54.4 1 1
github.com/coredds/ChronoGo/datetime.go:56.2,57.18 2 1
github.com/coredds/ChronoGo/datetime.go:61.21,63.2 1 1
github.com/coredds/ChronoGo/datetime.go:66.24,68.2 1 1
github.com/coredds/ChronoGo/datetime.go:71.41,73.2 1 1
github.com/coredds/ChronoGo/datetime.go:76.23,78.2 1 1
github.com/coredds/ChronoGo/datetime.go:81.43,84.2 2 1
github.com/coredds/ChronoGo/datetime.go:87.26,89.2 1 1
github.com/coredds/ChronoGo/datetime.go:92.27,94.2 1 1
github.com/coredds/ChronoGo/datetime.go:97.99,99.2 1 1
github.com/coredds/ChronoGo/datetime.go:102.78,104.2 1 1
github.com/coredds/ChronoGo/datetime.go:107.67,109.2 1 1
github.com/coredds/ChronoGo/datetime.go:112.52,114.2 1 1
github.com/coredds/ChronoGo/datetime.go:117.35,119.2 1 1
github.com/coredds/ChronoGo/datetime.go:122.37,124.2 1 1
github.com/coredds/ChronoGo/datetime.go:127.46,129.2 1 1
github.com/coredds/ChronoGo/datetime.go:132.33,139.2 5 1
github.com/coredds/ChronoGo/datetime.go:142.33,144.2 1 1
github.com/coredds/ChronoGo/datetime.go:147.35,149.2 1 1
github.com/coredds/ChronoGo/datetime.go:152.38,155.2 2 1
github.com/coredds/ChronoGo/datetime.go:158.34,160.2 1 1
github.com/coredds/ChronoGo/datetime.go:163.36,165.2 1 1
github.com/coredds/ChronoGo/datetime.go:168.49,170.2 1 1
github.com/coredds/ChronoGo/datetime.go:173.51,175.2 1 1
github.com/coredds/ChronoGo/datetime.go:178.47,180.2 1 1
github.com/coredds/ChronoGo/datetime.go:183.49,185.2 1 1
github.com/coredds/ChronoGo/datetime.go:188.53,190.2 1 1
github.com/coredds/ChronoGo/datetime.go:193.53,195.2 1 1
github.com/coredds/ChronoGo/datetime.go:198.57,200.2 1 1
github.com/coredds/ChronoGo/datetime.go:203.54,205.2 1 1
github.com/coredds/ChronoGo/datetime.go:208.56,210.2 1 1
github.com/coredds/ChronoGo/datetime.go:213.52,215.2 1 1
github.com/coredds/ChronoGo/datetime.go:218.54,220.2 1 1
github.com/coredds/ChronoGo/datetime.go:223.58,225.2 1 1
github.com/coredds/ChronoGo/datetime.go:228.58,230.2 1 1
github.com/coredds/ChronoGo/datetime.go:233.62,235.2 1 1
github.com/coredds/ChronoGo/datetime.go:238.54,240.2 1 1
github.com/coredds/ChronoGo/datetime.go:244.38,246.2 1 1
github.com/coredds/ChronoGo/datetime.go:250.38,252.2 1 1
github.com/coredds/ChronoGo/datetime.go:256.37,258.2 1 1
github.com/coredds/ChronoGo/datetime.go:261.47,263.2 1 1
github.com/coredds/ChronoGo/datetime.go:266.56,268.2 1 1
github.com/coredds/ChronoGo/datetime.go:271.45,273.2 1 1
github.com/coredds/ChronoGo/datetime.go:276.47,278.2 1 1
github.com/coredds/ChronoGo/datetime.go:281.51,283.2 1 1
github.com/coredds/ChronoGo/datetime.go:286.51,288.2 1 1
github.com/coredds/ChronoGo/datetime.go:291.48,293.2 1 1
github.com/coredds/ChronoGo/datetime.go:296.47,298.2 1 1
github.com/coredds/ChronoGo/datetime.go:301.47,303.2 1 1
github.com/coredds/ChronoGo/datetime.go:306.42,308.2 1 1
github.com/coredds/ChronoGo/datetime.go:311.42,313.2 1 1
github.com/coredds/ChronoGo/datetime.go:316.46,318.2 1 1
github.com/coredds/ChronoGo/datetime.go:321.45,323.2 1 1
github.com/coredds/ChronoGo/datetime.go:326.36,328.2 1 1
github.com/coredds/ChronoGo/datetime.go:331.49,333.2 1 1
github.com/coredds/ChronoGo/datetime.go:336.34,338.2 1 1
github.com/coredds/ChronoGo/datetime.go:341.39,343.2 1 1
github.com/coredds/ChronoGo/datetime.go:348.49,349.14 1 1
github.com/coredds/ChronoGo/datetime.go:350.18,351.117 1 1
github.com/coredds/ChronoGo/datetime.go:352.18,353.107 1 1
github.com/coredds/ChronoGo/datetime.go:354.16,355.97 1 1
github.com/coredds/ChronoGo/datetime.go:356.15,357.25 1 1
github.com/coredds/ChronoGo/datetime.go:358.16,359.26 1 1
github.com/coredds/ChronoGo/datetime.go:360.17,361.27 1 1
github.com/coredds/ChronoGo/datetime.go:362.19,363.29 1 1
github.com/coredds/ChronoGo/datetime.go:364.16,365.26 1 1
github.com/coredds/ChronoGo/datetime.go:366.10,367.12 1 0
github.com/coredds/ChronoGo/datetime.go:374.46,378.14 3 1
github.com/coredds/ChronoGo/datetime.go:379.18,380.29 1 0
github.com/coredds/ChronoGo/datetime.go:381.18,382.29 1 0
github.com/coredds/ChronoGo/datetime.go:383.16,384.27 1 1
github.com/coredds/ChronoGo/datetime.go:385.15,386.26 1 1
github.com/coredds/ChronoGo/datetime.go:387.16,388.26 1 0
github.com/coredds/ChronoGo/datetime.go:389.17,390.28 1 1
github.com/coredds/ChronoGo/datetime.go:391.19,392.28 1 1
github.com/coredds/ChronoGo/datetime.go:393.16,394.27 1 0
github.com/coredds/ChronoGo/datetime.go:395.10,396.12 1 0
github.com/coredds/ChronoGo/datetime.go:400.2,402.26 3 1
github.com/coredds/ChronoGo/datetime.go:402.26,404.3 1 1
github.com/coredds/ChronoGo/datetime.go:405.2,405.13 1 1
github.com/coredds/ChronoGo/datetime.go:409.50,412.17 3 1
github.com/coredds/ChronoGo/datetime.go:412.17,414.3 1 0
github.com/coredds/ChronoGo/datetime.go:415.2,415.20 1 1
github.com/coredds/ChronoGo/datetime.go:415.20,417.3 1 1
github.com/coredds/ChronoGo/datetime.go:418.2,418.19 1 1
github.com/coredds/ChronoGo/datetime.go:418.19,420.3 1 1
github.com/coredds/ChronoGo/datetime.go:421.2,421.11 1 1
github.com/coredds/ChronoGo/datetime.go:426.64,429.17 3 1
github.com/coredds/ChronoGo/datetime.go:429.17,431.3 1 1
github.com/coredds/ChronoGo/datetime.go:432.2,432.15 1 1
github.com/coredds/ChronoGo/datetime.go:432.15,434.3 1 1
github.com/coredds/ChronoGo/datetime.go:435.2,435.40 1 1
github.com/coredds/ChronoGo/datetime.go:439.50,441.2 1 1
github.com/coredds/ChronoGo/datetime.go:444.54,446.13 2 1
github.com/coredds/ChronoGo/datetime.go:446.13,449.3 2 0
github.com/coredds/ChronoGo/datetime.go:450.2,451.16 2 1
github.com/coredds/ChronoGo/datetime.go:451.16,453.3 1 0
github.com/coredds/ChronoGo/datetime.go:454.2,455.12 2 1
github.com/coredds/ChronoGo/datetime.go:459.50,462.2 1 1
github.com/coredds/ChronoGo/datetime.go:465.54,467.28 2 1
github.com/coredds/ChronoGo/datetime.go:467.28,470.3 2 0
github.com/coredds/ChronoGo/datetime.go:472.2,472.99 1 1
github.com/coredds/ChronoGo/datetime.go:472.99,474.3 1 1
github.com/coredds/ChronoGo/datetime.go:475.2,476.16 2 1
github.com/coredds/ChronoGo/datetime.go:476.16,478.3 1 0
github.com/coredds/ChronoGo/datetime.go:479.2,480.12 2 1
github.com/coredds/ChronoGo/datetime.go:484.50,486.2 1 1
github.com/coredds/ChronoGo/datetime.go:489.43,490.27 1 1
github.com/coredds/ChronoGo/datetime.go:491.17,493.13 2 1
github.com/coredds/ChronoGo/datetime.go:494.14,496.17 2 1
github.com/coredds/ChronoGo/datetime.go:496.17,498.4 1 0
github.com/coredds/ChronoGo/datetime.go:499.3,500.13 2 1
github.com/coredds/ChronoGo/datetime.go:501.14,503.17 2 0
github.com/coredds/ChronoGo/datetime.go:503.17,505.4 1 0
github.com/coredds/ChronoGo/datetime.go:506.3,507.13 2 0
github.com/coredds/ChronoGo/datetime.go:508.11,510.13 2 1
github.com/coredds/ChronoGo/datetime.go:511.10,512.55 1 1
github.com/coredds/ChronoGo/datetime.go:517.42,519.2 1 1
github.com/coredds/ChronoGo/datetime.go:522.40,524.2 1 1
github.com/coredds/ChronoGo/datetime.go:527.44,529.2 1 1
github.com/coredds/ChronoGo/datetime.go:532.42,534.2 1 1
github.com/coredds/ChronoGo/datetime.go:537.43,543.2 4 1
github.com/coredds/ChronoGo/datetime.go:546.41,548.2 1 1
github.com/coredds/ChronoGo/datetime.go:551.43,553.2 1 1
github.com/coredds/ChronoGo/datetime.go:556.41,558.2 1 1
github.com/coredds/ChronoGo/datetime.go:561.37,564.2 2 1
github.com/coredds/ChronoGo/datetime.go:567.37,569.2 1 1
github.com/coredds/ChronoGo/datetime.go:572.34,575.2 2 1
github.com/coredds/ChronoGo/datetime.go:578.46,582.2 3 1
github.com/coredds/ChronoGo/datetime.go:585.44,587.2 1 1
github.com/coredds/ChronoGo/datetime.go:591.47,593.2 1 1
github.com/coredds/ChronoGo/datetime.go:596.38,599.2 2 1
github.com/coredds/ChronoGo/datetime.go:602.40,605.2 2 1
github.com/coredds/ChronoGo/datetime.go:608.36,610.2 1 1
github.com/coredds/ChronoGo/datetime.go:613.45,615.2 1 1
github.com/coredds/ChronoGo/datetime.go:618.44,620.2 1 1
github.com/coredds/ChronoGo/datetime.go:623.44,625.2 1 1
github.com/coredds/ChronoGo/datetime.go:628.43,630.2 1 1
github.com/coredds/ChronoGo/datetime.go:634.38,638.2 1 1
github.com/coredds/ChronoGo/datetime.go:642.41,647.2 3 1
github.com/coredds/ChronoGo/datetime.go:651.65,656.2 3 1
github.com/coredds/ChronoGo/datetime.go:659.38,665.2 4 1
github.com/coredds/ChronoGo/datetime.go:668.37,669.21 1 1
github.com/coredds/ChronoGo/datetime.go:669.21,671.3 1 1
github.com/coredds/ChronoGo/datetime.go:672.2,672.12 1 1
github.com/coredds/ChronoGo/datetime.go:676.59,678.2 1 1
github.com/coredds/ChronoGo/datetime.go:681.59,683.2 1 1
github.com/coredds/ChronoGo/datetime.go:686.58,688.2 1 1
github.com/coredds/ChronoGo/datetime.go:699.42,704.21 3 1
github.com/coredds/ChronoGo/datetime.go:704.21,706.3 1 1
github.com/coredds/ChronoGo/datetime.go:709.2,709.41 1 1
github.com/coredds/ChronoGo/datetime.go:709.41,711.34 2 1
github.com/coredds/ChronoGo/datetime.go:711.34,714.4 2 1
github.com/coredds/ChronoGo/datetime.go:718.2,725.40 4 1
github.com/coredds/ChronoGo/datetime.go:729.67,741.36 5 1
github.com/coredds/ChronoGo/datetime.go:741.36,743.3 1 1
github.com/coredds/ChronoGo/datetime.go:746.2,746.35 1 0
github.com/coredds/ChronoGo/datetime.go:746.35,748.3 1 0
github.com/coredds/ChronoGo/datetime.go:749.2,749.23 1 0
github.com/coredds/ChronoGo/datetime.go:753.22,755.2 1 1
github.com/coredds/ChronoGo/duration_parse.go:18.57,22.14 3 1
github.com/coredds/ChronoGo/duration_parse.go:22.14,24.3 1 0
github.com/coredds/ChronoGo/duration_parse.go:26.2,27.17 2 1
github.com/coredds/ChronoGo/duration_parse.go:27.17,29.3 1 1
github.com/coredds/ChronoGo/duration_parse.go:31.2,31.34 1 1
github.com/coredds/ChronoGo/duration_parse.go:31.34,32.36 1 1
github.com/coredds/ChronoGo/duration_parse.go:32.36,34.4 1 1
github.com/coredds/ChronoGo/duration_parse.go:35.3,36.11 2 1
github.com/coredds/ChronoGo/duration_parse.go:38.2,38.38 1 1
github.com/coredds/ChronoGo/duration_parse.go:38.38,39.36 1 1
github.com/coredds/ChronoGo/duration_parse.go:39.36,41.4 1 1
github.com/coredds/ChronoGo/duration_parse.go:42.3,43.11 2 1
github.com/coredds/ChronoGo/duration_parse.go:46.2,63.33 14 1
github.com/coredds/ChronoGo/duration_parse.go:63.33,64.15 1 0
github.com/coredds/ChronoGo/duration_parse.go:64.15,66.4 1 0
github.com/coredds/ChronoGo/duration_parse.go:66.9,68.4 1 0
github.com/coredds/ChronoGo/duration_parse.go:71.2,72.31 2 1
github.com/coredds/ChronoGo/errors.go:20.38,23.16 2 1
github.com/coredds/ChronoGo/errors.go:23.16,25.3 1 1
github.com/coredds/ChronoGo/errors.go:27.2,27.18 1 1
github.com/coredds/ChronoGo/errors.go:27.18,29.3 1 1
github.com/coredds/ChronoGo/errors.go:31.2,31.19 1 1
github.com/coredds/ChronoGo/errors.go:31.19,33.3 1 1
github.com/coredds/ChronoGo/errors.go:35.2,35.18 1 1
github.com/coredds/ChronoGo/errors.go:35.18,37.3 1 1
github.com/coredds/ChronoGo/errors.go:39.2,41.24 2 1
github.com/coredds/ChronoGo/errors.go:41.24,43.3 1 1
github.com/coredds/ChronoGo/errors.go:45.2,45.15 1 1
github.com/coredds/ChronoGo/errors.go:49.38,51.2 1 1
github.com/coredds/ChronoGo/errors.go:54.45,55.19 1 1
github.com/coredds/ChronoGo/errors.go:55.19,57.3 1 0
github.com/coredds/ChronoGo/errors.go:59.2,59.41 1 1
github.com/coredds/ChronoGo/errors.go:59.41,61.3 1 1
github.com/coredds/ChronoGo/errors.go:63.2,63.33 1 1
github.com/coredds/ChronoGo/errors.go:76.55,84.2 2 1
github.com/coredds/ChronoGo/errors.go:87.61,95.2 2 1
github.com/coredds/ChronoGo/errors.go:98.57,106.2 2 1
github.com/coredds/ChronoGo/errors.go:109.62,116.2 1 1
github.com/coredds/ChronoGo/errors.go:119.46,120.17 1 1
github.com/coredds/ChronoGo/errors.go:120.17,122.3 1 1
github.com/coredds/ChronoGo/errors.go:124.2,127.100 2 1
github.com/coredds/ChronoGo/errors.go:127.100,129.3 1 1
github.com/coredds/ChronoGo/errors.go:131.2,131.36 1 1
github.com/coredds/ChronoGo/errors.go:131.36,133.3 1 1
github.com/coredds/ChronoGo/errors.go:135.2,135.55 1 1
github.com/coredds/ChronoGo/errors.go:135.55,137.3 1 1
github.com/coredds/ChronoGo/errors.go:139.2,139.26 1 1
github.com/coredds/ChronoGo/errors.go:139.26,140.23 1 1
github.com/coredds/ChronoGo/errors.go:140.23,142.4 1 1
github.com/coredds/ChronoGo/errors.go:142.9,142.30 1 1
github.com/coredds/ChronoGo/errors.go:142.30,144.4 1 1
github.com/coredds/ChronoGo/errors.go:145.3,145.113 1 1
github.com/coredds/ChronoGo/errors.go:148.2,148.85 1 1
github.com/coredds/ChronoGo/errors.go:148.85,150.3 1 1
github.com/coredds/ChronoGo/errors.go:152.2,152.151 1 1
github.com/coredds/ChronoGo/errors.go:156.46,157.20 1 1
github.com/coredds/ChronoGo/errors.go:157.20,159.3 1 1
github.com/coredds/ChronoGo/errors.go:161.2,175.28 3 1
github.com/coredds/ChronoGo/errors.go:175.28,177.57 1 1
github.com/coredds/ChronoGo/errors.go:177.57,179.4 1 1
github.com/coredds/ChronoGo/errors.go:182.2,182.90 1 1
github.com/coredds/ChronoGo/errors.go:182.90,184.3 1 1
github.com/coredds/ChronoGo/errors.go:185.2,185.90 1 1
github.com/coredds/ChronoGo/errors.go:185.90,187.3 1 1
github.com/coredds/ChronoGo/errors.go:188.2,188.90 1 1
github.com/coredds/ChronoGo/errors.go:188.90,190.3 1 0
github.com/coredds/ChronoGo/errors.go:191.2,191.91 1 1
github.com/coredds/ChronoGo/errors.go:191.91,193.3 1 0
github.com/coredds/ChronoGo/errors.go:195.2,195.116 1 1
github.com/coredds/ChronoGo/errors.go:199.42,200.18 1 1
github.com/coredds/ChronoGo/errors.go:200.18,202.3 1 1
github.com/coredds/ChronoGo/errors.go:205.2,227.40 7 1
github.com/coredds/ChronoGo/errors.go:227.40,228.38 1 1
github.com/coredds/ChronoGo/errors.go:228.38,230.9 2 1
github.com/coredds/ChronoGo/errors.go:234.2,234.19 1 1
github.com/coredds/ChronoGo/errors.go:238.35,239.13 1 1
github.com/coredds/ChronoGo/errors.go:239.13,241.3 1 1
github.com/coredds/ChronoGo/errors.go:242.2,242.22 1 1
github.com/coredds/ChronoGo/errors.go:242.22,243.25 1 1
github.com/coredds/ChronoGo/errors.go:243.25,245.4 1 1
github.com/coredds/ChronoGo/errors.go:247.2,247.13 1 1
github.com/coredds/ChronoGo/errors.go:253.37,254.17 1 1
github.com/coredds/ChronoGo/errors.go:254.17,260.3 1 1
github.com/coredds/ChronoGo/errors.go:263.2,264.29 2 1
github.com/coredds/ChronoGo/errors.go:264.29,271.3 1 1
github.com/coredds/ChronoGo/errors.go:273.2,273.12 1 1
github.com/coredds/ChronoGo/errors.go:277.47,278.41 1 1
github.com/coredds/ChronoGo/errors.go:278.41,280.3 1 1
github.com/coredds/ChronoGo/errors.go:282.2,282.39 1 1
github.com/coredds/ChronoGo/errors.go:282.39,284.3 1 0
github.com/coredds/ChronoGo/errors.go:286.2,286.22 1 1
github.com/coredds/ChronoGo/errors.go:286.22,288.3 1 1
github.com/coredds/ChronoGo/errors.go:290.2,290.12 1 1
github.com/coredds/ChronoGo/errors.go:294.39,296.16 2 1
github.com/coredds/ChronoGo/errors.go:296.16,297.52 1 1
github.com/coredds/ChronoGo/errors.go:299.2,299.11 1 1
github.com/coredds/ChronoGo/errors.go:303.69,305.16 2 1
github.com/coredds/ChronoGo/errors.go:305.16,306.62 1 1
github.com/coredds/ChronoGo/errors.go:308.2,308.11 1 1
github.com/coredds/ChronoGo/errors.go:312.52,314.16 2 1
github.com/coredds/ChronoGo/errors.go:314.16,315.57 1 1
github.com/coredds/ChronoGo/errors.go:317.2,317.11 1 1
github.com/coredds/ChronoGo/errors.go:321.51,323.16 2 1
github.com/coredds/ChronoGo/errors.go:323.16,324.59 1 1
github.com/coredds/ChronoGo/errors.go:326.2,326.12 1 1
github.com/coredds/ChronoGo/fluent.go:24.48,26.2 1 1
github.com/coredds/ChronoGo/fluent.go:29.42,31.2 1 1
github.com/coredds/ChronoGo/fluent.go:34.60,37.2 2 1
github.com/coredds/ChronoGo/fluent.go:40.62,43.2 2 1
github.com/coredds/ChronoGo/fluent.go:46.60,49.2 2 1
github.com/coredds/ChronoGo/fluent.go:52.58,55.2 2 1
github.com/coredds/ChronoGo/fluent.go:58.60,61.2 2 1
github.com/coredds/ChronoGo/fluent.go:64.64,67.2 2 1
github.com/coredds/ChronoGo/fluent.go:70.64,73.2 2 1
github.com/coredds/ChronoGo/fluent.go:76.74,79.2 2 1
github.com/coredds/ChronoGo/fluent.go:82.74,85.2 2 1
github.com/coredds/ChronoGo/fluent.go:88.72,91.2 2 1
github.com/coredds/ChronoGo/fluent.go:94.52,99.2 2 1
github.com/coredds/ChronoGo/fluent.go:102.54,107.2 2 1
github.com/coredds/ChronoGo/fluent.go:110.59,113.2 2 1
github.com/coredds/ChronoGo/fluent.go:116.68,119.2 2 1
github.com/coredds/ChronoGo/fluent.go:122.57,125.2 2 1
github.com/coredds/ChronoGo/fluent.go:128.59,131.2 2 1
github.com/coredds/ChronoGo/fluent.go:134.63,137.2 2 1
github.com/coredds/ChronoGo/fluent.go:140.63,143.2 2 1
github.com/coredds/ChronoGo/fluent.go:146.73,149.2 2 1
github.com/coredds/ChronoGo/fluent.go:152.45,154.2 1 1
github.com/coredds/ChronoGo/fluent.go:162.50,164.2 1 1
github.com/coredds/ChronoGo/fluent.go:167.76,172.2 2 1
github.com/coredds/ChronoGo/fluent.go:175.42,177.2 1 1
github.com/coredds/ChronoGo/fluent.go:180.43,182.2 1 1
github.com/coredds/ChronoGo/fluent.go:185.42,187.2 1 1
github.com/coredds/ChronoGo/fluent.go:190.41,192.2 1 1
github.com/coredds/ChronoGo/fluent.go:195.47,197.2 1 1
github.com/coredds/ChronoGo/fluent.go:200.42,202.2 1 1
github.com/coredds/ChronoGo/fluent.go:205.67,207.2 1 1
github.com/coredds/ChronoGo/fluent.go:210.72,212.2 1 1
github.com/coredds/ChronoGo/fluent.go:215.66,217.2 1 1
github.com/coredds/ChronoGo/fluent.go:220.64,222.2 1 1
github.com/coredds/ChronoGo/fluent.go:225.44,227.2 1 1
github.com/coredds/ChronoGo/fluent.go:230.44,232.2 1 1
github.com/coredds/ChronoGo/fluent.go:235.40,237.2 1 1
github.com/coredds/ChronoGo/fluent.go:240.47,241.21 1 1
github.com/coredds/ChronoGo/fluent.go:241.21,243.3 1 1
github.com/coredds/ChronoGo/fluent.go:244.2,244.11 1 1
github.com/coredds/ChronoGo/human.go:11.60,13.20 2 1
github.com/coredds/ChronoGo/human.go:13.20,15.3 1 1
github.com/coredds/ChronoGo/human.go:15.8,17.3 1 1
github.com/coredds/ChronoGo/human.go:19.2,19.44 1 1
github.com/coredds/ChronoGo/human.go:24.46,26.2 1 1
github.com/coredds/ChronoGo/human.go:29.70,40.16 5 1
github.com/coredds/ChronoGo/human.go:40.16,41.19 1 1
github.com/coredds/ChronoGo/human.go:41.19,42.14 1 0
github.com/coredds/ChronoGo/human.go:42.14,44.5 1 0
github.com/coredds/ChronoGo/human.go:45.4,45.32 1 0
github.com/coredds/ChronoGo/human.go:46.9,47.14 1 1
github.com/coredds/ChronoGo/human.go:47.14,49.5 1 0
github.com/coredds/ChronoGo/human.go:50.4,50.29 1 1
github.com/coredds/ChronoGo/human.go:55.2,55.18 1 1
github.com/coredds/ChronoGo/human.go:55.18,56.13 1 1
github.com/coredds/ChronoGo/human.go:56.13,58.4 1 1
github.com/coredds/ChronoGo/human.go:59.3,59.49 1 1
github.com/coredds/ChronoGo/human.go:60.8,61.13 1 1
github.com/coredds/ChronoGo/human.go:61.13,63.4 1 1
github.com/coredds/ChronoGo/human.go:64.3,64.46 1 1
github.com/coredds/ChronoGo/human.go:69.61,78.9 8 1
github.com/coredds/ChronoGo/human.go:79.17,81.17 2 1
github.com/coredds/ChronoGo/human.go:81.17,83.4 1 0
github.com/coredds/ChronoGo/human.go:84.3,84.21 1 1
github.com/coredds/ChronoGo/human.go:86.18,88.18 2 1
github.com/coredds/ChronoGo/human.go:88.18,90.4 1 0
github.com/coredds/ChronoGo/human.go:91.3,91.22 1 1
github.com/coredds/ChronoGo/human.go:93.17,95.17 2 1
github.com/coredds/ChronoGo/human.go:95.17,97.4 1 0
github.com/coredds/ChronoGo/human.go:98.3,98.21 1 1
github.com/coredds/ChronoGo/human.go:100.16,102.16 2 1
github.com/coredds/ChronoGo/human.go:102.16,104.4 1 0
github.com/coredds/ChronoGo/human.go:105.3,105.20 1 1
github.com/coredds/ChronoGo/human.go:107.17,109.17 2 1
github.com/coredds/ChronoGo/human.go:109.17,111.4 1 1
github.com/coredds/ChronoGo/human.go:112.3,112.21 1 1
github.com/coredds/ChronoGo/human.go:114.19,116.19 2 1
github.com/coredds/ChronoGo/human.go:116.19,118.4 1 1
github.com/coredds/ChronoGo/human.go:119.3,119.23 1 1
github.com/coredds/ChronoGo/human.go:121.21,122.28 1 1
github.com/coredds/ChronoGo/human.go:124.10,125.22 1 1
github.com/coredds/ChronoGo/human.go:130.46,131.19 1 1
github.com/coredds/ChronoGo/human.go:131.19,133.3 1 1
github.com/coredds/ChronoGo/human.go:135.2,138.16 3 1
github.com/coredds/ChronoGo/human.go:138.16,139.19 1 1
github.com/coredds/ChronoGo/human.go:139.19,141.4 1 0
github.com/coredds/ChronoGo/human.go:142.3,142.25 1 1
github.com/coredds/ChronoGo/human.go:145.2,145.18 1 1
github.com/coredds/ChronoGo/human.go:145.18,147.3 1 1
github.com/coredds/ChronoGo/human.go:149.2,149.42 1 1
github.com/coredds/ChronoGo/human.go:153.33,155.19 2 1
github.com/coredds/ChronoGo/human.go:155.19,157.3 1 1
github.com/coredds/ChronoGo/human.go:159.2,162.16 3 1
github.com/coredds/ChronoGo/human.go:162.16,164.18 2 1
github.com/coredds/ChronoGo/human.go:164.18,166.17 2 0
github.com/coredds/ChronoGo/human.go:166.17,168.5 1 0
github.com/coredds/ChronoGo/human.go:169.4,169.43 1 0
github.com/coredds/ChronoGo/human.go:171.3,171.18 1 1
github.com/coredds/ChronoGo/human.go:171.18,173.4 1 0
github.com/coredds/ChronoGo/human.go:174.3,174.46 1 1
github.com/coredds/ChronoGo/human.go:177.2,177.16 1 1
github.com/coredds/ChronoGo/human.go:177.16,179.3 1 0
github.com/coredds/ChronoGo/human.go:180.2,180.43 1 1
github.com/coredds/ChronoGo/human.go:185.41,187.20 2 1
github.com/coredds/ChronoGo/human.go:187.20,189.3 1 0
github.com/coredds/ChronoGo/human.go:190.2,190.27 1 1
github.com/coredds/ChronoGo/human.go:194.37,196.2 1 1
github.com/coredds/ChronoGo/human.go:200.67,202.2 1 1
github.com/coredds/ChronoGo/parse.go:38.44,40.2 1 1
github.com/coredds/ChronoGo/parse.go:44.74,47.17 2 1
github.com/coredds/ChronoGo/parse.go:47.17,49.3 1 1
github.com/coredds/ChronoGo/parse.go:52.2,52.39 1 1
github.com/coredds/ChronoGo/parse.go:52.39,53.69 1 1
github.com/coredds/ChronoGo/parse.go:53.69,55.4 1 1
github.com/coredds/ChronoGo/parse.go:58.2,58.78 1 1
github.com/coredds/ChronoGo/parse.go:62.50,64.2 1 1
github.com/coredds/ChronoGo/parse.go:67.80,69.17 2 1
github.com/coredds/ChronoGo/parse.go:69.17,71.3 1 0
github.com/coredds/ChronoGo/parse.go:72.2,78.39 2 1
github.com/coredds/ChronoGo/parse.go:78.39,79.69 1 1
github.com/coredds/ChronoGo/parse.go:79.69,81.4 1 1
github.com/coredds/ChronoGo/parse.go:83.2,83.85 1 1
github.com/coredds/ChronoGo/parse.go:87.51,88.40 1 1
github.com/coredds/ChronoGo/parse.go:88.40,90.3 1 1
github.com/coredds/ChronoGo/parse.go:92.2,93.16 2 1
github.com/coredds/ChronoGo/parse.go:93.16,96.17 2 0
github.com/coredds/ChronoGo/parse.go:96.17,98.4 1 0
github.com/coredds/ChronoGo/parse.go:101.2,101.25 1 1
github.com/coredds/ChronoGo/parse.go:105.51,107.16 2 1
github.com/coredds/ChronoGo/parse.go:107.16,109.3 1 0
github.com/coredds/ChronoGo/parse.go:110.2,110.25 1 1
github.com/coredds/ChronoGo/parse.go:115.57,117.2 1 1
github.com/coredds/ChronoGo/parse.go:120.87,122.16 2 1
github.com/coredds/ChronoGo/parse.go:122.16,124.3 1 1
github.com/coredds/ChronoGo/parse.go:125.2,125.25 1 1
github.com/coredds/ChronoGo/parse.go:130.56,131.21 1 1
github.com/coredds/ChronoGo/parse.go:131.21,133.3 1 1
github.com/coredds/ChronoGo/parse.go:134.2,135.16 2 1
github.com/coredds/ChronoGo/parse.go:135.16,137.3 1 1
github.com/coredds/ChronoGo/parse.go:138.2,138.17 1 1
github.com/coredds/ChronoGo/parse.go:142.37,144.2 1 1
github.com/coredds/ChronoGo/parse.go:147.57,149.2 1 1
github.com/coredds/ChronoGo/parse.go:152.87,154.13 2 1
github.com/coredds/ChronoGo/parse.go:154.13,156.3 1 0
github.com/coredds/ChronoGo/parse.go:159.2,160.32 2 1
github.com/coredds/ChronoGo/parse.go:160.32,162.3 1 1
github.com/coredds/ChronoGo/parse.go:165.2,166.16 2 1
github.com/coredds/ChronoGo/parse.go:166.16,168.3 1 1
github.com/coredds/ChronoGo/parse.go:170.2,171.31 2 1
github.com/coredds/ChronoGo/parse.go:172.37,173.23 1 1
github.com/coredds/ChronoGo/parse.go:174.10,175.25 1 1
github.com/coredds/ChronoGo/parse.go:176.10,177.25 1 1
github.com/coredds/ChronoGo/parse.go:178.10,179.23 1 1
github.com/coredds/ChronoGo/parse.go:180.10,181.84 1 1
github.com/coredds/ChronoGo/parse.go:185.2,185.33 1 1
github.com/coredds/ChronoGo/parse.go:189.51,191.2 1 1
github.com/coredds/ChronoGo/parse.go:195.36,240.2 1 1
github.com/coredds/ChronoGo/parse.go:243.40,246.2 2 1
github.com/coredds/ChronoGo/parse.go:249.53,251.2 1 1
github.com/coredds/ChronoGo/parse.go:254.83,256.17 2 1
github.com/coredds/ChronoGo/parse.go:256.17,258.3 1 1
github.com/coredds/ChronoGo/parse.go:261.2,261.43 1 1
github.com/coredds/ChronoGo/parse.go:261.43,262.73 1 1
github.com/coredds/ChronoGo/parse.go:262.73,264.4 1 1
github.com/coredds/ChronoGo/parse.go:268.2,268.45 1 1
github.com/coredds/ChronoGo/parse.go:268.45,270.3 1 1
github.com/coredds/ChronoGo/parse.go:273.2,274.18 2 1
github.com/coredds/ChronoGo/parse.go:274.18,275.69 1 1
github.com/coredds/ChronoGo/parse.go:275.69,277.4 1 1
github.com/coredds/ChronoGo/parse.go:281.2,281.44 1 1
github.com/coredds/ChronoGo/parse.go:285.40,289.56 2 1
github.com/coredds/ChronoGo/parse.go:289.56,290.39 1 1
github.com/coredds/ChronoGo/parse.go:290.39,291.37 1 1
github.com/coredds/ChronoGo/parse.go:291.37,292.21 1 1
github.com/coredds/ChronoGo/parse.go:292.21,294.6 1 1
github.com/coredds/ChronoGo/parse.go:295.5,295.28 1 0
github.com/coredds/ChronoGo/parse.go:297.4,297.62 1 1
github.com/coredds/ChronoGo/parse.go:297.62,299.5 1 1
github.com/coredds/ChronoGo/parse.go:300.4,300.20 1 1
github.com/coredds/ChronoGo/parse.go:300.20,302.5 1 1
github.com/coredds/ChronoGo/parse.go:303.9,303.65 1 1
github.com/coredds/ChronoGo/parse.go:303.65,304.20 1 1
github.com/coredds/ChronoGo/parse.go:304.20,306.5 1 1
github.com/coredds/ChronoGo/parse.go:307.4,307.20 1 1
github.com/coredds/ChronoGo/parse.go:307.20,309.5 1 1
github.com/coredds/ChronoGo/parse.go:314.2,314.56 1 1
github.com/coredds/ChronoGo/parse.go:314.56,316.3 1 1
github.com/coredds/ChronoGo/parse.go:319.2,319.39 1 1
github.com/coredds/ChronoGo/parse.go:319.39,321.3 1 1
github.com/coredds/ChronoGo/parse.go:324.2,324.34 1 1
github.com/coredds/ChronoGo/parse.go:324.34,325.57 1 1
github.com/coredds/ChronoGo/parse.go:325.57,327.4 1 1
github.com/coredds/ChronoGo/parse.go:328.3,328.57 1 1
github.com/coredds/ChronoGo/parse.go:328.57,330.4 1 1
github.com/coredds/ChronoGo/parse.go:334.2,334.115 1 1
github.com/coredds/ChronoGo/parse.go:334.115,335.18 1 1
github.com/coredds/ChronoGo/parse.go:335.18,337.4 1 1
github.com/coredds/ChronoGo/parse.go:338.3,338.18 1 1
github.com/coredds/ChronoGo/parse.go:338.18,340.4 1 1
github.com/coredds/ChronoGo/parse.go:343.2,343.11 1 1
github.com/coredds/ChronoGo/parse.go:347.82,372.42 2 1
github.com/coredds/ChronoGo/parse.go:372.42,373.69 1 1
github.com/coredds/ChronoGo/parse.go:373.69,375.4 1 0
github.com/coredds/ChronoGo/parse.go:378.2,378.78 1 1
github.com/coredds/ChronoGo/parse.go:382.33,383.17 1 1
github.com/coredds/ChronoGo/parse.go:383.17,385.3 1 1
github.com/coredds/ChronoGo/parse.go:386.2,386.30 1 1
github.com/coredds/ChronoGo/parse.go:386.30,387.31 1 1
github.com/coredds/ChronoGo/parse.go:387.31,389.4 1 1
github.com/coredds/ChronoGo/parse.go:391.2,391.13 1 1
github.com/coredds/ChronoGo/parse.go:395.76,401.43 4 1
github.com/coredds/ChronoGo/parse.go:401.43,402.22 1 1
github.com/coredds/ChronoGo/parse.go:402.22,404.28 2 1
github.com/coredds/ChronoGo/parse.go:404.28,405.10 1 1
github.com/coredds/ChronoGo/parse.go:411.2,411.31 1 1
github.com/coredds/ChronoGo/parse.go:411.31,413.18 2 1
github.com/coredds/ChronoGo/parse.go:413.18,415.12 2 1
github.com/coredds/ChronoGo/parse.go:419.3,419.27 1 1
github.com/coredds/ChronoGo/parse.go:419.27,420.78 1 1
github.com/coredds/ChronoGo/parse.go:420.78,422.13 2 1
github.com/coredds/ChronoGo/parse.go:427.3,427.66 1 1
github.com/coredds/ChronoGo/parse.go:427.66,429.4 1 1
github.com/coredds/ChronoGo/parse.go:429.9,431.4 1 1
github.com/coredds/ChronoGo/parse.go:434.2,434.29 1 1
github.com/coredds/ChronoGo/parse.go:438.24,439.11 1 1
github.com/coredds/ChronoGo/parse.go:439.11,441.3 1 1
github.com/coredds/ChronoGo/parse.go:442.2,442.10 1 1
github.com/coredds/ChronoGo/period.go:17.44,19.2 1 1
github.com/coredds/ChronoGo/period.go:22.42,24.2 1 1
github.com/coredds/ChronoGo/period.go:27.44,29.2 1 1
github.com/coredds/ChronoGo/period.go:32.35,34.2 1 1
github.com/coredds/ChronoGo/period.go:37.30,38.20 1 1
github.com/coredds/ChronoGo/period.go:38.20,40.3 1 1
github.com/coredds/ChronoGo/period.go:41.2,41.10 1 1
github.com/coredds/ChronoGo/period.go:45.29,46.20 1 1
github.com/coredds/ChronoGo/period.go:46.20,48.3 1 1
github.com/coredds/ChronoGo/period.go:50.2,58.76 6 1
github.com/coredds/ChronoGo/period.go:58.76,60.3 1 1
github.com/coredds/ChronoGo/period.go:62.2,62.14 1 1
github.com/coredds/ChronoGo/period.go:66.30,67.20 1 1
github.com/coredds/ChronoGo/period.go:67.20,69.3 1 1
github.com/coredds/ChronoGo/period.go:71.2,80.33 6 1
github.com/coredds/ChronoGo/period.go:80.33,82.3 1 1
github.com/coredds/ChronoGo/period.go:84.2,84.15 1 1
github.com/coredds/ChronoGo/period.go:88.28,90.18 2 1
github.com/coredds/ChronoGo/period.go:90.18,92.3 1 1
github.com/coredds/ChronoGo/period.go:93.2,93.35 1 1
github.com/coredds/ChronoGo/period.go:97.29,99.18 2 1
github.com/coredds/ChronoGo/period.go:99.18,101.3 1 1
github.com/coredds/ChronoGo/period.go:102.2,102.30 1 1
github.com/coredds/ChronoGo/period.go:106.31,108.18 2 1
github.com/coredds/ChronoGo/period.go:108.18,110.3 1 1
github.com/coredds/ChronoGo/period.go:111.2,111.32 1 1
github.com/coredds/ChronoGo/period.go:115.31,117.18 2 1
github.com/coredds/ChronoGo/period.go:117.18,119.3 1 1
github.com/coredds/ChronoGo/period.go:120.2,120.32 1 1
github.com/coredds/ChronoGo/period.go:124.34,126.2 1 1
github.com/coredds/ChronoGo/period.go:129.35,131.2 1 1
github.com/coredds/ChronoGo/period.go:134.37,136.2 1 1
github.com/coredds/ChronoGo/period.go:139.37,141.2 1 1
github.com/coredds/ChronoGo/period.go:144.33,146.19 2 1
github.com/coredds/ChronoGo/period.go:146.19,148.3 1 1
github.com/coredds/ChronoGo/period.go:150.2,150.20 1 1
github.com/coredds/ChronoGo/period.go:150.20,152.3 1 1
github.com/coredds/ChronoGo/period.go:154.2,157.14 3 1
github.com/coredds/ChronoGo/period.go:157.14,158.16 1 1
github.com/coredds/ChronoGo/period.go:158.16,160.4 1 1
github.com/coredds/ChronoGo/period.go:160.9,162.4 1 1
github.com/coredds/ChronoGo/period.go:163.3,163.51 1 1
github.com/coredds/ChronoGo/period.go:166.2,167.15 2 1
github.com/coredds/ChronoGo/period.go:167.15,168.17 1 1
github.com/coredds/ChronoGo/period.go:168.17,170.4 1 1
github.com/coredds/ChronoGo/period.go:170.9,172.4 1 1
github.com/coredds/ChronoGo/period.go:173.3,173.47 1 1
github.com/coredds/ChronoGo/period.go:176.2,177.17 2 1
github.com/coredds/ChronoGo/period.go:177.17,178.19 1 1
github.com/coredds/ChronoGo/period.go:178.19,180.4 1 1
github.com/coredds/ChronoGo/period.go:180.9,182.4 1 1
github.com/coredds/ChronoGo/period.go:183.3,183.51 1 1
github.com/coredds/ChronoGo/period.go:186.2,187.36 2 1
github.com/coredds/ChronoGo/period.go:187.36,188.19 1 1
github.com/coredds/ChronoGo/period.go:188.19,190.4 1 1
github.com/coredds/ChronoGo/period.go:190.9,192.4 1 1
github.com/coredds/ChronoGo/period.go:195.2,196.29 2 1
github.com/coredds/ChronoGo/period.go:196.29,197.13 1 1
github.com/coredds/ChronoGo/period.go:197.13,199.4 1 1
github.com/coredds/ChronoGo/period.go:199.9,199.31 1 1
github.com/coredds/ChronoGo/period.go:199.31,201.4 1 1
github.com/coredds/ChronoGo/period.go:201.9,203.4 1 1
github.com/coredds/ChronoGo/period.go:206.2,206.15 1 1
github.com/coredds/ChronoGo/period.go:211.65,213.2 1 1
github.com/coredds/ChronoGo/period.go:218.97,220.19 2 1
github.com/coredds/ChronoGo/period.go:220.19,222.3 1 1
github.com/coredds/ChronoGo/period.go:224.2,226.12 2 1
github.com/coredds/ChronoGo/period.go:226.12,231.29 3 1
github.com/coredds/ChronoGo/period.go:231.29,232.11 1 1
github.com/coredds/ChronoGo/period.go:233.22,234.11 1 1
github.com/coredds/ChronoGo/period.go:235.23,235.23 0 1
github.com/coredds/ChronoGo/period.go:239.4,239.16 1 1
github.com/coredds/ChronoGo/period.go:240.17,241.41 1 0
github.com/coredds/ChronoGo/period.go:242.18,243.42 1 0
github.com/coredds/ChronoGo/period.go:244.16,245.40 1 1
github.com/coredds/ChronoGo/period.go:246.17,247.41 1 1
github.com/coredds/ChronoGo/period.go:248.19,249.43 1 0
github.com/coredds/ChronoGo/period.go:250.19,251.43 1 0
github.com/coredds/ChronoGo/period.go:252.12,253.11 1 1
github.com/coredds/ChronoGo/period.go:258.2,258.11 1 1
github.com/coredds/ChronoGo/period.go:262.69,264.2 1 1
github.com/coredds/ChronoGo/period.go:268.101,270.19 2 1
github.com/coredds/ChronoGo/period.go:270.19,272.3 1 1
github.com/coredds/ChronoGo/period.go:274.2,275.12 2 1
github.com/coredds/ChronoGo/period.go:275.12,279.29 3 1
github.com/coredds/ChronoGo/period.go:279.29,280.11 1 1
github.com/coredds/ChronoGo/period.go:281.22,282.11 1 1
github.com/coredds/ChronoGo/period.go:283.23,283.23 0 1
github.com/coredds/ChronoGo/period.go:286.4,286.16 1 1
github.com/coredds/ChronoGo/period.go:287.18,288.41 1 0
github.com/coredds/ChronoGo/period.go:289.19,290.42 1 0
github.com/coredds/ChronoGo/period.go:291.27,294.25 2 1
github.com/coredds/ChronoGo/period.go:294.25,296.6 1 1
github.com/coredds/ChronoGo/period.go:297.5,297.35 1 1
github.com/coredds/ChronoGo/period.go:298.18,299.41 1 1
github.com/coredds/ChronoGo/period.go:300.20,301.43 1 1
github.com/coredds/ChronoGo/period.go:302.20,303.43 1 0
github.com/coredds/ChronoGo/period.go:304.12,305.11 1 1
github.com/coredds/ChronoGo/period.go:309.2,309.11 1 1
github.com/coredds/ChronoGo/period.go:313.56,315.2 1 1
github.com/coredds/ChronoGo/period.go:318.57,320.2 1 1
github.com/coredds/ChronoGo/period.go:323.67,324.38 1 1
github.com/coredds/ChronoGo/period.go:324.38,326.3 1 1
github.com/coredds/ChronoGo/period.go:331.69,333.19 2 1
github.com/coredds/ChronoGo/period.go:333.19,335.3 1 1
github.com/coredds/ChronoGo/period.go:338.2,338.19 1 1
github.com/coredds/ChronoGo/period.go:338.19,340.3 1 1
github.com/coredds/ChronoGo/period.go:343.2,344.14 2 1
github.com/coredds/ChronoGo/period.go:345.16,346.27 1 0
github.com/coredds/ChronoGo/period.go:347.17,348.28 1 0
github.com/coredds/ChronoGo/period.go:349.15,350.35 1 1
github.com/coredds/ChronoGo/period.go:351.16,352.39 1 0
github.com/coredds/ChronoGo/period.go:353.16,354.52 1 1
github.com/coredds/ChronoGo/period.go:355.18,356.54 1 0
github.com/coredds/ChronoGo/period.go:357.18,358.54 1 0
github.com/coredds/ChronoGo/period.go:359.10,360.17 1 1
github.com/coredds/ChronoGo/period.go:364.2,364.18 1 1
github.com/coredds/ChronoGo/period.go:364.18,366.3 1 0
github.com/coredds/ChronoGo/period.go:366.8,366.28 1 1
github.com/coredds/ChronoGo/period.go:366.28,368.3 1 0
github.com/coredds/ChronoGo/period.go:371.2,372.28 2 1
github.com/coredds/ChronoGo/period.go:372.28,375.3 1 0
github.com/coredds/ChronoGo/period.go:377.2,382.62 5 1
github.com/coredds/ChronoGo/period.go:382.62,386.15 3 1
github.com/coredds/ChronoGo/period.go:387.17,388.40 1 0
github.com/coredds/ChronoGo/period.go:389.18,390.41 1 0
github.com/coredds/ChronoGo/period.go:391.26,393.24 2 1
github.com/coredds/ChronoGo/period.go:393.24,395.5 1 0
github.com/coredds/ChronoGo/period.go:396.4,396.34 1 1
github.com/coredds/ChronoGo/period.go:397.17,398.40 1 1
github.com/coredds/ChronoGo/period.go:399.19,400.42 1 0
github.com/coredds/ChronoGo/period.go:401.19,402.42 1 0
github.com/coredds/ChronoGo/period.go:403.11,405.23 1 1
github.com/coredds/ChronoGo/period.go:409.2,409.15 1 1
github.com/coredds/ChronoGo/period.go:414.55,416.34 2 1
github.com/coredds/ChronoGo/period.go:416.34,418.3 1 1
github.com/coredds/ChronoGo/period.go:420.2,421.14 2 1
github.com/coredds/ChronoGo/period.go:421.14,423.3 1 0
github.com/coredds/ChronoGo/period.go:425.2,426.21 2 1
github.com/coredds/ChronoGo/period.go:426.21,428.3 1 0
github.com/coredds/ChronoGo/period.go:430.2,435.62 5 1
github.com/coredds/ChronoGo/period.go:435.62,439.3 3 1
github.com/coredds/ChronoGo/period.go:441.2,441.15 1 1
